1526927237034	geckodriver	INFO	geckodriver 0.20.1
1526927237050	geckodriver	INFO	Listening on 127.0.0.1:52565
1526927240148	mozrunner::runner	INFO	Running command: "C:\\Program Files\\Mozilla Firefox\\firefox.exe" "-marionette" "-profile" "C:\\Users\\Mitch\\AppData\\Local\\Temp\\rust_mozprofile.cEscM6qmAylU"
Unable to read VR Path Registry from C:\Users\Mitch\AppData\Local\openvr\openvrpaths.vrpath
Unable to read VR Path Registry from C:\Users\Mitch\AppData\Local\openvr\openvrpaths.vrpath
Unable to read VR Path Registry from C:\Users\Mitch\AppData\Local\openvr\openvrpaths.vrpath
[Child 5676, Chrome_ChildThread] WARNING: pipe error: 109: file z:/build/build/src/ipc/chromium/src/chrome/common/ipc_channel_win.cc, line 346
[Child 5676, ChUnable to read VR Path Registry from C:\Users\Mitch\AppData\Local\openvr\openvrpaths.vrpath
1526927258306	Marionette	INFO	Listening on port 52573
1526927259325	Marionette	WARN	TLS certificate errors will be ignored for this session
Unable to read VR Path Registry from C:\Users\Mitch\AppData\Local\openvr\openvrpaths.vrpath
Unable to read VR Path Registry from C:\Users\Mitch\AppData\Local\openvr\openvrpaths.vrpath
[Parent 3788, Gecko_IOThread] WARNING: pipe error: 109: file z:/build/build/src/ipc/chromium/src/chrome/common/ipc_channel_win.cc, line 346
[Parent 3788, Gecko_IOThread] WARNING: pipe error: 109: file z:/build/build/src/ipc/chromium/src/chrome/common/ipc_channel_win.cc, line 346
[Child 3680, Chrome_ChildThread] WARNING: pipe error: 109: file z:/build/build/src/ipc/chromium/src/chrome/common/ipc_channel_win.cc, line 346
[Child 8488, Chrome_Ch[ildThread] WARNING: pipe error: 109: file z:/build/build/src/ipc/chromium/src/chrome/common/ipc_channel_win.cc, line 346
[Child 8488, Chrome_ChildThread] WARNING: p[Parent 3788, Gecko_IOThread] WARNING: pipe error: 109: file z:/build/build/src/ipc/chromium/src/chrome/common/ipc_channel_win.cc, line 346
[Child 9276, Chrome_ChildThread] WARNING: pipe error: 109: file z:/build/build/src/ipc/chromium/src/chrome/common/ipc_channel_win.cc, line 346
[Child 9276, C[Parent 3788, Gecko_IOThread] WARNING: file z:/build/build/src/ipc/chromium/src/base/process_util_win.cc, line 188
*** UTM:SVC TimerManager:registerTimer called after profile-before-change notification. Ignoring timer registration for id: telemetry_modules_ping
[GPU 6308, Chrome
###!!! [Child][MessageChannel::SendAndWait] Error: Channel error: cannot send/recv

1526927362649	geckodriver	INFO	geckodriver 0.20.1
1526927362665	geckodriver	INFO	Listening on 127.0.0.1:52615
1526927365712	mozrunner::runner	INFO	Running command: "C:\\Program Files\\Mozilla Firefox\\firefox.exe" "-marionette" "-profile" "C:\\Users\\Mitch\\AppData\\Local\\Temp\\rust_mozprofile.z5USYmke8hHO"
Unable to read VR Path Registry from C:\Users\Mitch\AppData\Local\openvr\openvrpaths.vrpath
Unable to read VR Path Registry from C:\Users\Mitch\AppData\Local\openvr\openvrpaths.vrpath
Unable to read VR Path Registry from C:\Users\Mitch\AppData\Local\openvr\openvrpaths.vrpath
Unable to read VR Path Registry from C:\Users\Mitch\AppData\Local\openvr\openvrpaths.vrpath
Unable to read VR Path Registry from C:\Users\Mitch\AppData\Local\openvr\openvrpaths.vrpath
1526927371654	Marionette	INFO	Listening on port 52623
1526927372243	Marionette	WARN	TLS certificate errors will be ignored for this session
JavaScript warning: https://www.pgatour.com/etc/designs/pgatour-site/clientlibs/theme-pgatour-js-embedded.min.js, line 1: Using //@ to indicate sourceMappingURL pragmas is deprecated. Use //# instead

###!!! [Child][RunMessage] Error: Channel closing: too late to send/recv, messages will be lost


###!!! [Child][RunMessage] Error: Channel closing: too late to send/recv, messages will be lost


###!!! [Child][RunMessage] Error: Channel closing: too late to send/recv, messages will be lost


###!!! [Child][RunMessage] Error: Channel closing: too late to send/recv, messages will be lost

[Parent 4552, Gecko_IOThread] WARNING: pipe error: 109: file z:/build/build/src/ipc/chromium/src/chrome/common/ipc_channel_win.cc, line 346
*** UTM:SVC TimerManager:registerTimer called after profile-before-change notification. Ignoring timer registration for id: telemetry_modules_ping

###!!! [Child][MessageChannel::SendAndWait] Error: Channel error: cannot send/recv

1526935988252	geckodriver	INFO	geckodriver 0.20.1
1526935988261	geckodriver	INFO	Listening on 127.0.0.1:53198
1526935991337	mozrunner::runner	INFO	Running command: "C:\\Program Files\\Mozilla Firefox\\firefox.exe" "-marionette" "-profile" "C:\\Users\\Mitch\\AppData\\Local\\Temp\\rust_mozprofile.s7k3FXYLa02N"
Unable to read VR Path Registry from C:\Users\Mitch\AppData\Local\openvr\openvrpaths.vrpath
Unable to read VR Path Registry from C:\Users\Mitch\AppData\Local\openvr\openvrpaths.vrpath
Unable to read VR Path Registry from C:\Users\Mitch\AppData\Local\openvr\openvrpaths.vrpath
1526935997914	Marionette	INFO	Listening on port 53206
1526935999363	Marionette	WARN	TLS certificate errors will be ignored for this session
Unable to read VR Path Registry from C:\Users\Mitch\AppData\Local\openvr\openvrpaths.vrpath
JavaScript warning: https://www.pgatour.com/etc/designs/pgatour-site/clientlibs/theme-pgatour-js-embedded.min.js, line 1: Using //@ to indicate sourceMappingURL pragmas is deprecated. Use //# instead
Unable to read VR Path Registry from C:\Users\Mitch\AppData\Local\openvr\openvrpaths.vrpath
IPDL protocol error: Handler returned error code!

###!!! [Parent][DispatchAsyncMessage] Error: PImageBridge::Msg_Update Processing error: message was deserialized, but the handler returned false (indicating failure)

IPDL protocol error: Handler returned error code!

###!!! [Parent][DispatchAsyncMessage] Error: PImageBridge::Msg_Update Processing error: message was deserialized, but the handler returned false (indicating failure)

[Parent 4612, Gecko_IOThread] WARNING: pipe error: 109: file z:/build/build/src/ipc/chromium/src/chrome/common/ipc_channel_win.cc, line 346
[Child 9516, Chrome_ChildThread] WARNING: pipe error: 109: file z:/build/build/src/ipc/chromium/src/chrome/common/ipc_channel_win.cc, line 346
[Child 95IPDL protocol error: Handler returned error code!

###!!! [Parent][DispatchAsyncMessage] Error: PImageBridge::Msg_Update Processing error: message was deserialized, but the handler returned false (indicating failure)

IPDL protocol error: Handler returned error code!

###!!! [Parent][DispatchAsyncMessage] Error: PImageBridge::Msg_Update Processing error: message was deserialized, but the handler returned false (indicating failure)

IPDL protocol error: Handler returned error code!

###!!! [Parent][DispatchAsyncMessage] Error: PImageBridge::Msg_Update Processing error: message was deserialized, but the handler returned false (indicating failure)

JavaScript error: https://ajax.googleapis.com/ajax/libs/webfont/1.6.26/webfont.js, line 25: NS_ERROR_NOT_INITIALIZED: 
IPDL protocol error: Handler returned error code!

###!!! [Parent][DispatchAsyncMessage] Error: PImageBridge::Msg_Update Processing error: message was deserialized, but the handler returned false (indicating failure)


###!!! [Child][MessageChannel] Error: (msgtype=0x2C0094,name=PContent::Msg_StartVisitedQuery) Channel closing: too late to send/recv, messages will be lost


###!!! [Child][MessageChannel] Error: (msgtype=0x2C0094,name=PContent::Msg_StartVisitedQuery) Channel closing: too late to send/recv, messages will be lost

[Child 10032, Chrome_ChildThread] WARNING: pipe*** UTM:SVC TimerManager:registerTimer called after profile-before-change notification. Ignoring timer registration for id: telemetry_modules_ping

###!!! [Child][MessageChannel::SendAndWait] Error: Channel error: cannot send/recv

1526936189818	geckodriver	INFO	geckodriver 0.20.1
1526936189828	geckodriver	INFO	Listening on 127.0.0.1:53500
1526936192998	mozrunner::runner	INFO	Running command: "C:\\Program Files\\Mozilla Firefox\\firefox.exe" "-marionette" "-profile" "C:\\Users\\Mitch\\AppData\\Local\\Temp\\rust_mozprofile.EreMMuiXReNz"
Unable to read VR Path Registry from C:\Users\Mitch\AppData\Local\openvr\openvrpaths.vrpath
Unable to read VR Path Registry from C:\Users\Mitch\AppData\Local\openvr\openvrpaths.vrpath
Unable to read VR Path Registry from C:\Users\Mitch\AppData\Local\openvr\openvrpaths.vrpath
Unable to read VR Path Registry from C:\Users\Mitch\AppData\Local\openvr\openvrpaths.vrpath
Unable to read VR Path Registry from C:\Users\Mitch\AppData\Local\openvr\openvrpaths.vrpath
1526936198648	Marionette	INFO	Listening on port 53508
1526936199423	Marionette	WARN	TLS certificate errors will be ignored for this session
JavaScript warning: https://www.pgatour.com/etc/designs/pgatour-site/clientlibs/theme-pgatour-js-embedded.min.js, line 1: Using //@ to indicate sourceMappingURL pragmas is deprecated. Use //# instead
[Child 8308, Chrome_ChildThread] WARNING: pipe error: 109: file z:/build/build/src/ipc/chromium/src/chrome/common/ipc_channel_win.cc, line 346
[Child 8308, Chrome_ChildThread] WARNING: pipe error: 109: file z:/build/build/src/ipc/chromium/src/chrome/common/ipc_channel_win.cc, line 346
[Parent 216, Gecko_IOThread] WARNING: pipe error: 109: file z:/build/build/src/ipc/chromium/src/chrome/common/ipc_channel_win.cc, line 346

###!!! [Child][RunMessage] Error: Channel closing: too late to send/recv, messages will be lost


###!!! [Child][RunMessage] Error: Channel closing: too late to send/recv, messages will be lost


###!!! [Child][RunMessage] Error: Channel closing: too late to send/recv, messages will be lost


###!!! [Child][RunMessage] Error: Channel closing: too late to send/recv, messages will be lost


###!!! [Child][RunMessage] Error: Channel closing: too late to send/recv, messages will be lost


###!!! [Child][RunMessage] Error: Channel closing: too late to send/recv, messages will be lost


###!!! [Child][RunMessage] Error: Channel closing: too late to send/recv, messages will be lost

[Parent 216, Gecko_IOThread] WARNING: pipe error: 109: file z:/build/build/src/ipc/chromium/src/chrome/common/ipc_channel_win.cc, line 346
[Child 2600, Chrome_ChildThread] WARNING: pipe error: 109: file z:/build/build/src/ipc/chromium/src/chrome/common/ipc_channel_win.cc, line 346
[Child 2600, C*** UTM:SVC TimerManager:registerTimer called after profile-before-change notification. Ignoring timer registration for id: telemetry_modules_ping

###!!! [Child][MessageChannel::SendAndWait] Error: Channel error: cannot send/recv

1526936237441	geckodriver	INFO	geckodriver 0.20.1
1526936237460	geckodriver	INFO	Listening on 127.0.0.1:53753
1526936240639	mozrunner::runner	INFO	Running command: "C:\\Program Files\\Mozilla Firefox\\firefox.exe" "-marionette" "-profile" "C:\\Users\\Mitch\\AppData\\Local\\Temp\\rust_mozprofile.niQ4fHH1Rdm1"
Unable to read VR Path Registry from C:\Users\Mitch\AppData\Local\openvr\openvrpaths.vrpath
Unable to read VR Path Registry from C:\Users\Mitch\AppData\Local\openvr\openvrpaths.vrpath
Unable to read VR Path Registry from C:\Users\Mitch\AppData\Local\openvr\openvrpaths.vrpath
Unable to read VR Path Registry from C:\Users\Mitch\AppData\Local\openvr\openvrpaths.vrpath
Unable to read VR Path Registry from C:\Users\Mitch\AppData\Local\openvr\openvrpaths.vrpath
1526936246598	Marionette	INFO	Listening on port 53761
1526936247426	Marionette	WARN	TLS certificate errors will be ignored for this session
JavaScript warning: https://www.pgatour.com/etc/designs/pgatour-site/clientlibs/theme-pgatour-js-embedded.min.js, line 1: Using //@ to indicate sourceMappingURL pragmas is deprecated. Use //# instead
IPDL protocol error: Handler returned error code!

###!!! [Parent][DispatchAsyncMessage] Error: PAPZCTreeManager::Msg_SetTargetAPZC Processing error: message was deserialized, but the handler returned false (indicating failure)

[Child 9236, Chrome_ChildThread] WARNING: pipe error: 109: file z:/build/build/src/ipc/chromium/src/chrome/common/ipc_channel_win.cc, line 346
[Child 9236, 
###!!! [Child][MessageChannel] Error: (msgtype=0x540027,name=PNecko::Msg_RemoveRequestContext) Channel closing: too late to send/recv, messages will be lost

[Child 7476, Chrome_ChildThread] WARNING: pipe error: 232: file z:/build/build/src/ipc/c
###!!! [Child][RunMessage] Error: Channel closing: too late to send/recv, messages will be lost

hromium/src/chrome/common/ipc_channel_win.cc, line 513
[Child 7476, Chrome_ChildThread] WARNING: pipe error: 109: file z:/build/build/src/ipc/chromium/src/chrome/common/ipc_channel_wi[Parent 7912, Gecko_IOThread] WARNING: pipe error: 109: file z:/build/build/src/ipc/chromium/src/chrome/common/ipc_channel_win.cc, line 346
*** UTM:SVC TimerManager:registerTimer called after profile-before-change notification. Ignoring timer registration for id: telemetry_modules_ping

###!!! [Child][MessageChannel::SendAndWait] Error: Channel error: cannot send/recv

1526938002516	geckodriver	INFO	geckodriver 0.20.1
1526938002531	geckodriver	INFO	Listening on 127.0.0.1:54387
1526938005941	mozrunner::runner	INFO	Running command: "C:\\Program Files\\Mozilla Firefox\\firefox.exe" "-marionette" "-profile" "C:\\Users\\Mitch\\AppData\\Local\\Temp\\rust_mozprofile.MZkfeEH5pB3B"
Unable to read VR Path Registry from C:\Users\Mitch\AppData\Local\openvr\openvrpaths.vrpath
Unable to read VR Path Registry from C:\Users\Mitch\AppData\Local\openvr\openvrpaths.vrpath
Unable to read VR Path Registry from C:\Users\Mitch\AppData\Local\openvr\openvrpaths.vrpath
Unable to read VR Path Registry from C:\Users\Mitch\AppData\Local\openvr\openvrpaths.vrpath
Unable to read VR Path Registry from C:\Users\Mitch\AppData\Local\openvr\openvrpaths.vrpath
1526938016623	Marionette	INFO	Listening on port 54395
1526938017746	Marionette	WARN	TLS certificate errors will be ignored for this session
JavaScript warning: https://www.pgatour.com/etc/designs/pgatour-site/clientlibs/theme-pgatour-js-embedded.min.js, line 1: Using //@ to indicate sourceMappingURL pragmas is deprecated. Use //# instead
[Parent 7492, Gecko_IOThread] WARNING: pipe error: 109: file z:/build/build/src/ipc/chromium/src/chrome/common/ipc_channel_win.cc, line 346
[Parent 7492, Gecko_IOThread] WARNING: pipe error: 109: file z:/build/build/src/ipc/chromium/src/chrome/common/ipc_channel_win.cc, line 346
[Child 964, Chrome_ChildThr[Child 4940, Chr[Come_Childhild 9100, Chrome_ChildThread] WARNING: pipe error: 109: file z:/buUnable to read VR Path Registry from C:\Users\Mitch\AppData\Local\openvr\openvrpaths.vrpath
Unable to read VR Path Registry from C:\Users\Mitch\AppData\Local\openvr\openvrpaths.vrpath
Unable to read VR Path Registry from C:\Users\Mitch\AppData\Local\openvr\openvrpaths.vrpath
Unable to read VR Path Registry from C:\Users\Mitch\AppData\Local\openvr\openvrpaths.vrpath
1526938066889	Marionette	INFO	Listening on port 54673
1526938067890	Marionette	WARN	TLS certificate errors will be ignored for this session
JavaScript warning: https://www.pgatour.com/etc/designs/pgatour-site/clientlibs/theme-pgatour-js-embedded.min.js, line 1: Using //@ to indicate sourceMappingURL pragmas is deprecated. Use //# instead
out of memory: 0x0000000000002000 bytes requested

###!!! [Parent][MessageChannel] Error: (msgtype=0x15008C,name=PBrowser::Msg_UpdateNativeWindowHandle) Channel error: cannot send/recv


###!!! [Parent][MessageChannel] Error: (msgtype=0x15007F,name=PBrowser::Msg_Destroy) Channel error: cannot send/recv

A content process crashed and MOZ_CRASHREPORTER_SHUTDOWN is set, shutting down
[Parent 308, Gecko_IOThread] WARNING: pipe error: 109: file z:/build/build/src/ipc/chromium/src/chrome/common/ipc_channel_win.cc, line 346
[Child 8048, Chrome_ChildThread] WARNING: pipe error: 109: file z:/build/build/src/ipc/chromium/src/chrome/common/ipc_channel_win.cc, line 346
[Child 8048,[Parent 308, Gecko_IOThread] WARNING: file z:/build/build/src/ipc/chromium/src/base/process_util_win.cc, line 188
[Parent 308, Gecko_IOThread] WARNING: pipe error: 109: file z:/build/build/src/ipc/chromium/src/chrome/common/ipc_channel_win.cc, line 346
[Child 6032, Chrome_ChildThread] WARNING: pipe error: 109: file z:/build/build/src/ipc/chromium/src/chrome/common/ipc_channel_win.cc, line 346
[Child 6032, Chrom
###!!! [Child][MessageChannel::SendAndWait] Error: Channel error: cannot send/recv

ROR_FAILURE)"  location: "JS frame :: resource://activity-stream/lib/SnippetsFeed.jsm :: uninit :: line 185"  data: no] Stack trace: uninit()@resource://activity-stream/lib/SnippetsFeed.jsm:185
onAction()@resource://activity-stream/lib/SnippetsFeed.jsm:201
_middleware/</<()@resource://activity-stream/lib/Store.jsm:49
Store/this[method]()@resource://activity-stream/lib/Store.jsm:28
uninit()@resource://activity-stream/lib/Store.jsm:151
uninit()@resource://activity-stream/lib/ActivityStream.jsm:300
uninit()@resource://gre/modules/addons/XPIProvider.jsm -> jar:file:///C:/Program%20Files/Mozilla%20Firefox/browser/features/activity-stream@mozilla.org.xpi!/bootstrap.js:73
shutdown()@resource://gre/modules/addons/XPIProvider.jsm -> jar:file:///C:/Program%20Files/Mozilla%20Firefox/browser/features/activity-stream@mozilla.org.xpi!/bootstrap.js:169
callBootstrapMethod()@resource://gre/modules/addons/XPIProvider.jsm:4436
observe()@resource://gre/modules/addons/XPIProvider.jsm:2287
[Child 4052, Chrome_ChildThread] WARNING: pipe error: 109: file z:/build/build/src/ipc/chromium/src/chrome/common/ipc_channel_win.cc, line 346
[Child 4052, CUnable to read VR Path Registry from C:\Users\Mitch\AppData\Local\openvr\openvrpaths.vrpath
[Parent 5992, Gecko_IOThread] WARNING: pipe error: 109: file z:/build/build/src/ipc/chromium/src/chrome/common/ipc_channel_win.cc, line 346
[Child 9908, Chrome_ChildThread] WARNING: pipe error: 109: file z:/build/build/src/ipc/chromium/src/chrome/common/ipc_channel_win.cc, line 346
[Child 9908,[Parent 5992, Gecko_IOThread] WARNING: pipe error: 109: file z:/build/build/src/ipc/chromium/src/chrome/common/ipc_channel_win.cc, line 346
[Child 10232, Chrome_ChildThread] WARNING: pipe error: 109: file z:/build/build/src/ipc/chromium/src/chrome/common/ipc_channel_win.cc, line 346
[Child 10232[Parent 5992, Gecko_IOThread] WARNING: file z:/build/build/src/ipc/chromium/src/base/process_util_win.cc, line 188
*** UTM:SVC TimerManager:registerTimer called after profile-before-change notification. Ignoring timer registration for id: telemetry_modules_ping
[GPU 9096, Chrome_ChildThread] WARNING: pipe error: 109: file z:/build/build/src/ipc/chromium/src/chrome/common/ipc_channel_win.cc, line 346

###!!! [Child][MessageChannel::SendAndWait] Error: Channel error: cannot send/recv

1526938222920	geckodriver	INFO	geckodriver 0.20.1
1526938222930	geckodriver	INFO	Listening on 127.0.0.1:55005
1526938225926	mozrunner::runner	INFO	Running command: "C:\\Program Files\\Mozilla Firefox\\firefox.exe" "-marionette" "-profile" "C:\\Users\\Mitch\\AppData\\Local\\Temp\\rust_mozprofile.djegIJlVUr43"
Unable to read VR Path Registry from C:\Users\Mitch\AppData\Local\openvr\openvrpaths.vrpath
Unable to read VR Path Registry from C:\Users\Mitch\AppData\Local\openvr\openvrpaths.vrpath
Unable to read VR Path Registry from C:\Users\Mitch\AppData\Local\openvr\openvrpaths.vrpath
Unable to read VR Path Registry from C:\Users\Mitch\AppData\Local\openvr\openvrpaths.vrpath
1526938231335	Marionette	INFO	Listening on port 55013
1526938232060	Marionette	WARN	TLS certificate errors will be ignored for this session
JavaScript warning: https://www.pgatour.com/etc/designs/pgatour-site/clientlibs/theme-pgatour-js-embedded.min.js, line 1: Using //@ to indicate sourceMappingURL pragmas is deprecated. Use //# instead
Unable to read VR Path Registry from C:\Users\Mitch\AppData\Local\openvr\openvrpaths.vrpath
JavaScript error: https://s0.2mdn.net/879366/Enabler_01_226.js, line 54: NS_ERROR_NOT_INITIALIZED: 
[Parent 9148, Gecko_IOThread] WARNING: pipe error: 109: file z:/build/build/src/ipc/chromium/src/chrome/common/ipc_channel_win.cc, line 346
[Child 8424, Chrome_ChildThread] WARNING: pipe error: 109: file z:/build/build/src/ipc/chromium/src/chrome/common/ipc_channel_win.cc, line 346
[Child 842
###!!! [Child][MessageChannel::SendAndWait] Error: Channel error: cannot send/recv

openvrpaths.vrpath
Unable to read VR Path Registry from C:\Users\Mitch\AppData\Local\openvr\openvrpaths.vrpath
Unable to read VR Path Registry from C:\Users\Mitch\AppData\Local\openvr\openvrpaths.vrpath
1526938298354	Marionette	INFO	Listening on port 55344
1526938298495	Marionette	WARN	TLS certificate errors will be ignored for this session
Unable to read VR Path Registry from C:\Users\Mitch\AppData\Local\openvr\openvrpaths.vrpath
JavaScript warning: https://www.pgatour.com/etc/designs/pgatour-site/clientlibs/theme-pgatour-js-embedded.min.js, line 1: Using //@ to indicate sourceMappingURL pragmas is deprecated. Use //# instead
JavaScript error: https://www.pgatour.com/etc/designs/pgatour-site/clientlibs/theme-pgatour-js-embedded.min.js, line 29883: SyntaxError: expected expression, got '.'
JavaScript error: https://www.pgatour.com/etc/designs/the-players-site/clientlibs/theme-players-js-embedded.min.js, line 1: TypeError: a.pgatour is undefined
JavaScript error: https://www.pgatour.com/tournaments/safeway-open/past-results.html, line 98: ReferenceError: pgatour is not defined
JavaScript error: https://www.pgatour.com/tournaments/safeway-open/past-results.html, line 206: ReferenceError: pgatour is not defined
JavaScript error: https://www.pgatour.com/tournaments/safeway-open/past-results.html, line 225: ReferenceError: pgatour is not defined
JavaScript error: https://www.pgatour.com/tournaments/safeway-open/past-results.html, line 231: ReferenceError: pgatour is not defined
Unable to read VR Path Registry from C:\Users\Mitch\AppData\Local\openvr\openvrpaths.vrpath
JavaScript error: , line 0: uncaught exception: out of memory
JavaScript error: https://www.pgatour.com/tournaments/safeway-open/past-results.html, line 318: ReferenceError: pgatour is not defined
JavaScript error: https://www.pgatour.com/tournaments/safeway-open/past-results.html, line 373: ReferenceError: pgatour is not defined
JavaScript error: https://www.pgatour.com/tournaments/safeway-open/past-results.html, line 430: ReferenceError: pgatour is not defined
JavaScript error: https://www.pgatour.com/tournaments/safeway-open/past-results.html, line 567: ReferenceError: pgatour is not defined
JavaScript error: https://www.pgatour.com/tournaments/safeway-open/past-results.html, line 581: ReferenceError: pgatour is not defined
JavaScript error: https://www.pgatour.com/tournaments/safeway-open/past-results.html, line 602: ReferenceError: pgatour is not defined
JavaScript error: https://www.pgatour.com/tournaments/safeway-open/past-results.html, line 702: ReferenceError: pgatour is not defined
JavaScript error: https://www.pgatour.com/tournaments/safeway-open/past-results.html, line 721: ReferenceError: pgatour is not defined
JavaScript error: https://www.pgatour.com/tournaments/safeway-open/past-results.html, line 886: ReferenceError: pgatour is not defined
JavaScript error: https://www.pgatour.com/tournaments/safeway-open/past-results.html, line 964: ReferenceError: pgatour is not defined
JavaScript error: https://www.pgatour.com/tournaments/safeway-open/past-results.html, line 1090: ReferenceError: pgatour is not defined
JavaScript error: https://www.pgatour.com/tournaments/safeway-open/past-results.html, line 1103: ReferenceError: pgatour is not defined
JavaScript error: https://www.pgatour.com/tournaments/safeway-open/past-results.html, line 1107: ReferenceError: pgatour is not defined
JavaScript error: https://www.pgatour.com/tournaments/safeway-open/past-results.html, line 1124: ReferenceError: pgatour is not defined
JavaScript error: https://www.pgatour.com/tournaments/safeway-open/past-results.html, line 1129: ReferenceError: pgatour is not defined
JavaScript error: https://www.pgatour.com/tournaments/safeway-open/past-results.html, line 1141: ReferenceError: pgatour is not defined
JavaScript error: https://www.pgatour.com/tournaments/safeway-open/past-results.html, line 1192: ReferenceError: pgatour is not defined
JavaScript error: https://www.pgatour.com/tournaments/safeway-open/past-results.html, line 1225: ReferenceError: pgatour is not defined
JavaScript error: https://www.pgatour.com/tournaments/safeway-open/past-results.html, line 1265: ReferenceError: pgatour is not defined
JavaScript error: https://www.pgatour.com/tournaments/safeway-open/past-results.html, line 1310: ReferenceError: pgatour is not defined
out of memory: 0x00000000000001C8 bytes requested
out of memory: 0x0000000000008058 bytes requested
out of memory: 0x0000000000001000 bytes requested
[Parent 1328, Gecko_IOThread] WARNING: pipe error: 109: file z:/build/build/src/ipc/chromium/src/chrome/common/ipc_channel_win.cc, line 464
[Parent 1328, Gecko_IOT
###!!! [Parent][MessageChannel] Error: (msgtype=0x15008C,name=PBrowser::Msg_UpdateNativeWindowHandle) Channel error: cannot send/recv

hread] WARNING: pipe error: 232: file z:/build/build/src/ipc/chromium/src/chrome/common/ipc_channel_win.cc, line 513

###!!! [Parent][MessageChannel] Error: (msgtype=0x15007F,name=PBrowser::Msg_Destroy) Channel error: cannot send/recv

[Parent 1328, Gecko_IOThread] WARNING: pipe error: 232: file z:/build/build/src/ipc/chromium/src/chrome/common/ipc_channel_win.cc, line 513
A content process crashed and MOZ_CRASHREPORTER_SHUTDOWN is set, shutting down
[Parent 1328, Gecko_IOThread] WARNING: file z:/build/build/src/ipc/chromium/src/base/process_util_win.cc, line 188
[Parent 1328, Gecko_IOThread] WARNING: pipe error: 109: file z:/build/build/src/ipc/chromium/src/chrome/common/ipc_channel_win.cc, line 346
[Parent 1328, Gecko_IOThread] WARNING: pipe error: 109: file z:/build/build/src/ipc/chromium/src/chrome/common/ipc_channel_win.cc, line 346
[Child[Chi 9ld 5684, Ch488, Chrorome_ChildThread] WARNING: pipe error: 109: file zme:/bu_ChildThread] WARNING: pipe error: 109: file ild/build/src/ipc/chromiz:/build/buium/src/chromld/src/ie/common/pc/chromiipc_channel_win.cc, line 3um/src/chrome/commo46n/ipc_channel_win.cc, li
ne 346
[Child 9488, Chrome_ChildThread] WARNING: pipe error: 109: file z:/build/build/src/ipc/chromium/src/chrome/common/ipc_channel_win.cc, line 346
*** UTM:SVC TimerManager:registerTimer called after profile-before-change notification. Ignoring timer registration for id: telemetry_modules_ping

###!!! [Child][MessageChannel::SendAndWait] Error: Channel error: cannot send/recv

1526938476803	geckodriver	INFO	geckodriver 0.20.1
1526938476813	geckodriver	INFO	Listening on 127.0.0.1:55472
1526938479878	mozrunner::runner	INFO	Running command: "C:\\Program Files\\Mozilla Firefox\\firefox.exe" "-marionette" "-profile" "C:\\Users\\Mitch\\AppData\\Local\\Temp\\rust_mozprofile.ER4Y8sVhJZrS"
Unable to read VR Path Registry from C:\Users\Mitch\AppData\Local\openvr\openvrpaths.vrpath
Unable to read VR Path Registry from C:\Users\Mitch\AppData\Local\openvr\openvrpaths.vrpath
Unable to read VR Path Registry from C:\Users\Mitch\AppData\Local\openvr\openvrpaths.vrpath
Unable to read VR Path Registry from C:\Users\Mitch\AppData\Local\openvr\openvrpaths.vrpath
Unable to read VR Path Registry from C:\Users\Mitch\AppData\Local\openvr\openvrpaths.vrpath
1526938484394	Marionette	INFO	Listening on port 55480
1526938485342	Marionette	WARN	TLS certificate errors will be ignored for this session
JavaScript warning: https://www.pgatour.com/etc/designs/pgatour-site/clientlibs/theme-pgatour-js-embedded.min.js, line 1: Using //@ to indicate sourceMappingURL pragmas is deprecated. Use //# instead
[Child 7388, Chrome_ChildThread] WARNING: pipe error: 109: file z:/build/build/src/ipc/chromium/src/chrome/common/ipc_channel_win.cc, line 346
[Child 7388, Chrome_ChildThread] WARNING: pipe error: 109: file z:/build/build/src/ipc/chromium/src/chrome/common/ipc_channel_win.cc, line 346
[Parent 9096, Gecko_IOThread] WARNING: pipe error: 109: file z:/build/build/src/ipc/chromium/src/chrome/common/ipc_channel_win.cc, line 346
*** UTM:SVC TimerManager:registerTimer called after profile-before-change notification. Ignoring timer registration for id: telemetry_modules_ping

###!!! [Child][MessageChannel::SendAndWait] Error: Channel error: cannot send/recv

1526938546607	geckodriver	INFO	geckodriver 0.20.1
1526938546617	geckodriver	INFO	Listening on 127.0.0.1:55748
1526938549673	mozrunner::runner	INFO	Running command: "C:\\Program Files\\Mozilla Firefox\\firefox.exe" "-marionette" "-profile" "C:\\Users\\Mitch\\AppData\\Local\\Temp\\rust_mozprofile.R4nRW1aeACHu"
Unable to read VR Path Registry from C:\Users\Mitch\AppData\Local\openvr\openvrpaths.vrpath
Unable to read VR Path Registry from C:\Users\Mitch\AppData\Local\openvr\openvrpaths.vrpath
Unable to read VR Path Registry from C:\Users\Mitch\AppData\Local\openvr\openvrpaths.vrpath
Unable to read VR Path Registry from C:\Users\Mitch\AppData\Local\openvr\openvrpaths.vrpath
Unable to read VR Path Registry from C:\Users\Mitch\AppData\Local\openvr\openvrpaths.vrpath
1526938554149	Marionette	INFO	Listening on port 55756
1526938554917	Marionette	WARN	TLS certificate errors will be ignored for this session
JavaScript warning: https://www.pgatour.com/etc/designs/pgatour-site/clientlibs/theme-pgatour-js-embedded.min.js, line 1: Using //@ to indicate sourceMappingURL pragmas is deprecated. Use //# instead
Unable to read VR Path Registry from C:\Users\Mitch\AppData\Local\openvr\openvrpaths.vrpath
[Child 8492, Chrome_ChildThread] WARNING: pipe error: 109: file z:/build/build/src/ipc/chromium/src/chrome/common/ipc_channel_win.cc, line 346
[Child 8492[Child 1140, Chrome_ChildThread] WARNING: pipe error: 109: file z:/build/build/src/ipc/chromium/src/chrome/common/ipc_channel_win.cc, line 346
[Child 1140, C
###!!! [Child][MessageChannel::SendAndWait] Error: Channel error: cannot send/recv

1526938686045	geckodriver	INFO	geckodriver 0.20.1
1526938686055	geckodriver	INFO	Listening on 127.0.0.1:55992
1526938689115	mozrunner::runner	INFO	Running command: "C:\\Program Files\\Mozilla Firefox\\firefox.exe" "-marionette" "-profile" "C:\\Users\\Mitch\\AppData\\Local\\Temp\\rust_mozprofile.zXY8L3AFWFt6"
Unable to read VR Path Registry from C:\Users\Mitch\AppData\Local\openvr\openvrpaths.vrpath
Unable to read VR Path Registry from C:\Users\Mitch\AppData\Local\openvr\openvrpaths.vrpath
Unable to read VR Path Registry from C:\Users\Mitch\AppData\Local\openvr\openvrpaths.vrpath
Unable to read VR Path Registry from C:\Users\Mitch\AppData\Local\openvr\openvrpaths.vrpath
Unable to read VR Path Registry from C:\Users\Mitch\AppData\Local\openvr\openvrpaths.vrpath
1526938693810	Marionette	INFO	Listening on port 56000
1526938694761	Marionette	WARN	TLS certificate errors will be ignored for this session
JavaScript warning: https://www.pgatour.com/etc/designs/pgatour-site/clientlibs/theme-pgatour-js-embedded.min.js, line 1: Using //@ to indicate sourceMappingURL pragmas is deprecated. Use //# instead
JavaScript error: https://s0.2mdn.net/ads/richmedia/studio/pv2/60254077/20180516151629709/full_bleed.js, line 1: ReferenceError: TimelineMax is not defined
[Parent 3028, Gecko_IOThread] WARNING: pipe error: 109: file z:/build/build/src/ipc/chromium/src/chrome/common/ipc_channel_win.cc, line 346
[Child 8972, Chrome_ChildThread] WARNING: pipe error: 109: file z:/build/build/src/ipc/chromium/src/chrome/common/ipc_channel_win.cc, line 346
[Child 8972, Chrome_Chi*** UTM:SVC TimerManager:registerTimer called after profile-before-change notification. Ignoring timer registration for id: telemetry_modules_ping

###!!! [Child][MessageChannel::SendAndWait] Error: Channel error: cannot send/recv

1526938814765	geckodriver	INFO	geckodriver 0.20.1
1526938814776	geckodriver	INFO	Listening on 127.0.0.1:56269
1526938817838	mozrunner::runner	INFO	Running command: "C:\\Program Files\\Mozilla Firefox\\firefox.exe" "-marionette" "-profile" "C:\\Users\\Mitch\\AppData\\Local\\Temp\\rust_mozprofile.NIlWvPKXjGNy"
Unable to read VR Path Registry from C:\Users\Mitch\AppData\Local\openvr\openvrpaths.vrpath
Unable to read VR Path Registry from C:\Users\Mitch\AppData\Local\openvr\openvrpaths.vrpath
Unable to read VR Path Registry from C:\Users\Mitch\AppData\Local\openvr\openvrpaths.vrpath
Unable to read VR Path Registry from C:\Users\Mitch\AppData\Local\openvr\openvrpaths.vrpath
Unable to read VR Path Registry from C:\Users\Mitch\AppData\Local\openvr\openvrpaths.vrpath
1526938823131	Marionette	INFO	Listening on port 56278
1526938823769	Marionette	WARN	TLS certificate errors will be ignored for this session
JavaScript warning: https://www.pgatour.com/etc/designs/pgatour-site/clientlibs/theme-pgatour-js-embedded.min.js, line 1: Using //@ to indicate sourceMappingURL pragmas is deprecated. Use //# instead
[Parent 8784, Gecko_IOThread] WARNING: pipe error: 109: file z:/build/build/src/ipc/chromium/src/chrome/common/ipc_channel_win.cc, line 346
[Child 4748, Chrome_ChildThread] WARNING: pipe error: 109: file z:/build/build/src/ipc/chromium/src/chrome/common/ipc_channel_win.cc, line 346
[Child 47
###!!! [Child][MessageChannel::SendAndWait] Error: Channel error: cannot send/recv

1526939125083	geckodriver	INFO	geckodriver 0.20.1
1526939125093	geckodriver	INFO	Listening on 127.0.0.1:56726
1526939128155	mozrunner::runner	INFO	Running command: "C:\\Program Files\\Mozilla Firefox\\firefox.exe" "-marionette" "-profile" "C:\\Users\\Mitch\\AppData\\Local\\Temp\\rust_mozprofile.rR6oWx9ts8aT"
Unable to read VR Path Registry from C:\Users\Mitch\AppData\Local\openvr\openvrpaths.vrpath
Unable to read VR Path Registry from C:\Users\Mitch\AppData\Local\openvr\openvrpaths.vrpath
Unable to read VR Path Registry from C:\Users\Mitch\AppData\Local\openvr\openvrpaths.vrpath
Unable to read VR Path Registry from C:\Users\Mitch\AppData\Local\openvr\openvrpaths.vrpath
Unable to read VR Path Registry from C:\Users\Mitch\AppData\Local\openvr\openvrpaths.vrpath
1526939132699	Marionette	INFO	Listening on port 56734
1526939133376	Marionette	WARN	TLS certificate errors will be ignored for this session
JavaScript warning: https://www.pgatour.com/etc/designs/pgatour-site/clientlibs/theme-pgatour-js-embedded.min.js, line 1: Using //@ to indicate sourceMappingURL pragmas is deprecated. Use //# instead
Unable to read VR Path Registry from C:\Users\Mitch\AppData\Local\openvr\openvrpaths.vrpath
out of memory: 0x0000000000002000 bytes requested

###!!! [Parent][MessageChannel] Error: (msgtype=0x15008C,name=PBrowser::Msg_UpdateNativeWindowHandle) Channel error: cannot send/recv


###!!! [Parent][MessageChannel] Error: (msgtype=0x15007F,name=PBrowser::Msg_Destroy) Channel error: cannot send/recv


###!!! [Parent][MessageChannel] Error: (msgtype=0x15008C,name=PBrowser::Msg_UpdateNativeWindowHandle) Channel error: cannot send/recv


###!!! [Parent][MessageChannel] Error: (msgtype=0x15007F,name=PBrowser::Msg_Destroy) Channel error: cannot send/recv

A content process crashed and MOZ_CRASHREPORTER_SHUTDOWN is set, shutting down
[Parent 10492, Gecko_IOThread] WARNING: file z:/build/build/src/ipc/chromium/src/base/process_util_win.cc, line 188
[Parent 10492, Gecko_IOThread] WARNING: pipe error: 109: file z:/build/build/src/ipc/chromium/src/chrome/common/ipc_channel_win.cc, line 346
[Parent 10492, Gecko_IOThread] WARNING: pipe error: 109: file z:/build/build/src/ipc/chromium/src/chrome/common/ipc_channel_win.cc, line 346
[Parent 10492, Gecko_IOThread] WARNING: pipe error: 109: file z:/build/build/src/ipc/chromium/src/chrome/common/ipc_channel_win.cc, line 346
[Child 1[Ch936, Chrome_ChildThre
###!!! [Parent][MessageChannel] Error: (msgtype=0x15008C,name=PBrowser::Msg_UpdateNativeWindowHandle) Channel error: cannot send/recv


###!!! [Parent][MessageChannel] Error: (msgtype=0x15007F,name=PBrowser::Msg_Destroy) Channel error: cannot send/recv

A content process crashed and MOZ_CRASHREPORTER_SHUTDOWN is set, shutting down
[Parent 5496, Gecko_IOThread] WARNING: file z:/build/build/src/ipc/chromium/src/base/process_util_win.cc, line 188
[Child 5300, Chrome_ChildThread] WARNING: pipe error: 109: file z:/build/build/src/ipc/chromium/src/chrome/common/ipc_channel_win.cc, line 346
[Child 5300, Chrome_ChildThread] WARNING: pipe error: 109: file z:/build/build/src/ipc/chromium/src/chrome/common/ipc_channel_win.cc, line 346
[Parent 5496, Gecko_IOThread] WARNING: pipe error: 109: file z:/build/build/src/ipc/chromium/src/chrome/common/ipc_channel_win.cc, line 346
[Child 3568, Chrome_ChildThread] WARNING: pipe error: 109: file z:/build/build/src/ipc/chromium/src/chrome/common/ipc_channel_win.cc, line 346
[Child 3568
###!!! [Child][MessageChannel::SendAndWait] Error: Channel error: cannot se[Parent 8576, Gecko_IOThread] WARNING: pipe error: 109: file z:/build/build/src/ipc/chromium/src/chrome/common/ipc_channel_win.cc, line 346
[Child 9424, 
###!!! [Parent][MessageChannel] Error: (msgtype=0x15008C,name=PBrowser::Msg_UpdateNativeWindowHandle) Closed channel: cannot send/recv

Chrome
###!!! [Parent][MessageChannel] Error: (msgtype=0x15007F,name=PBrowser::Msg_Destroy) Closed channel: cannot send/recv

_ChildThread] WARNING: pipe error: 109: file z:/build/build/src/ipc/chromium/src/chrome/common/ipc_channel_win.cc, line 346
[Child 9424, Chrome_ChildThread] WARNING: pipe error: 109: file z:/build/build/src/ipc/chromium/src/chrome/common/ipc_channel_win.cc, line 346
[Parent 8576, Gecko_IOThread] WARNING: pipe error: 109: file z:/build/build/src/ipc/chromium/src/chrome/common/ipc_channel_win.cc, line 346

###!!! [Child][MessageChannel] Error: (msgtype=0x150001,name=PBrowser::Msg_AsyncMessage) Closed channel: cannot send/recv

JavaScript error: chrome://browser/content/tab-content.js, line 281: NS_ERROR_UNEXPECTED: Component returned failure code: 0x8000ffff (NS_ERROR_UNEXPECTED) [nsIMessageSender.sendAsyncMessage]

###!!! [Child][MessageChannel] Error: (msgtype=0x150001,name=PBrowser::Msg_AsyncMessage) Closed channel: cannot send/recv

JavaScript error: chrome://browser/content/content.js, line 705: NS_ERROR_UNEXPECTED: Component returned failure code: 0x8000ffff (NS_ERROR_UNEXPECTED) [nsIMessageSender.sendAsyncMessage]

###!!! [Child][MessageChannel] Error: (msgtype=0x2E0003,name=PCookieService::Msg_SetCookieString) Closed channel: cannot send/recv


###!!! [Child][MessageChannel] Error: (msgtype=0x2E0003,name=PCookieService::Msg_SetCookieString) Closed channel: cannot send/recv


###!!! [Child][MessageChannel] Error: (msgtype=0x15002B,name=PBrowser::Msg_SetInputContext) Closed channel: cannot send/recv

[Child 4920, Chrome_ChildThread] WARNING: pipe error: 109: file z:/build/build/src/ipc/chromium/src/chrome/common/ipc_channel_win.cc, line 346
[Child 4920, Chrome_ChildThread] WARNING: pipe error: 109: file z:/build/build/src/ipc/chromium/src/chrome/common/ipc_channel_win.cc, line 346
: Error: OS.File has been shut down. Rejecting post to stat
1526944401793	geckodriver	INFO	geckodriver 0.20.1
1526944401809	geckodriver	INFO	Listening on 127.0.0.1:49828
1526944405918	mozrunner::runner	INFO	Running command: "C:\\Program Files\\Mozilla Firefox\\firefox.exe" "-marionette" "-profile" "C:\\Users\\Mitch\\AppData\\Local\\Temp\\rust_mozprofile.6R4ewcB7RSNj"
Unable to read VR Path Registry from C:\Users\Mitch\AppData\Local\openvr\openvrpaths.vrpath
Unable to read VR Path Registry from C:\Users\Mitch\AppData\Local\openvr\openvrpaths.vrpath
Unable to read VR Path Registry from C:\Users\Mitch\AppData\Local\openvr\openvrpaths.vrpath
Unable to read VR Path Registry from C:\Users\Mitch\AppData\Local\openvr\openvrpaths.vrpath
[Child 9068, Chrome_ChildThread] WARNING: pipe error: 109: file z:/build/build/src/ipc/chromium/src/chrome/common/ipc_channel_win.cc, line 346
[Child 9068, Chrome_ChildThread] WARNING: pipe error: 109: file z:/build/build/src/ipc/chromium/src/Unable to read VR Path Registry from C:\Users\Mitch\AppData\Local\openvr\openvrpaths.vrpath
1526944427178	Marionette	INFO	Listening on port 49837
1526944429584	Marionette	WARN	TLS certificate errors will be ignored for this session
Unable to read VR Path Registry from C:\Users\Mitch\AppData\Local\openvr\openvrpaths.vrpath
1526944456157	addons.productaddons	WARN	Failed downloading XML, status: 0, reason: error
1526944467329	addons.productaddons	WARN	Failed downloading via XHR, status: 0, reason: error
1526944478439	addons.productaddons	WARN	Failed downloading via XHR, status: 0, reason: error
JavaScript warning: https://www.pgatour.com/etc/designs/pgatour-site/clientlibs/theme-pgatour-js-embedded.min.js, line 1: Using //@ to indicate sourceMappingURL pragmas is deprecated. Use //# instead
JavaScript error: https://www.pgatour.com/tournaments/safeway-open/past-results.html, line 56: NS_ERROR_NOT_INITIALIZED: 
JavaScript error: https://www.pgatour.com/tournaments/safeway-open/past-results.html, line 56: NS_ERROR_NOT_INITIALIZED: 
thread '<unnamed>' panicked at 'called `Result::unwrap()` on an `Err` value: Os { code: 10054, kind: ConnectionReset, message: "An existing connection was forcibly closed by the remote host." }', libcore\result.rs:945:5
note: Run with `RUST_BACKTRACE=1` for a backtrace.
[Parent 196, Gecko_IOThread] WARNING: pipe error: 109: file z:/build/build/src/ipc/chromium/src/chrome/common/ipc_channel_win.cc, line 346
[Parent 196, Gecko_IOThread] WARNING: pipe error: 109: file z:/build/build/src/ipc/chromium/src/chrome/common/ipc_channel_win.cc, line 346
[Child 8232, Chrome_ChildThread] WARNING: pipe error: 109: file z:/build/build/src/ipc/chromium/src/chrome/c[Child 8452, Chrome_ChildThread] WARNING: pipe error: 109: file z:/build/build/src/ipc/ommon/ipc_channel_win.cc, line 346chromium/src/chrome/common/ipc_channel_win.cc, line 346

[Child 8452, Chrome_ChildThread] WARNING: pipe error: 109: file z:/build/build/src/ipc[/chromium/src/chro
###!!! [Child][MessageChannel::SendAndWait] Error: Channel error: cannot send/recv

1526944768262	geckodriver	INFO	geckodriver 0.20.1
1526944768277	geckodriver	INFO	Listening on 127.0.0.1:49950
1526944771324	mozrunner::runner	INFO	Running command: "C:\\Program Files\\Mozilla Firefox\\firefox.exe" "-marionette" "-profile" "C:\\Users\\Mitch\\AppData\\Local\\Temp\\rust_mozprofile.fvkuwuNF8XQU"
Unable to read VR Path Registry from C:\Users\Mitch\AppData\Local\openvr\openvrpaths.vrpath
Unable to read VR Path Registry from C:\Users\Mitch\AppData\Local\openvr\openvrpaths.vrpath
Unable to read VR Path Registry from C:\Users\Mitch\AppData\Local\openvr\openvrpaths.vrpath
Unable to read VR Path Registry from C:\Users\Mitch\AppData\Local\openvr\openvrpaths.vrpath
Unable to read VR Path Registry from C:\Users\Mitch\AppData\Local\openvr\openvrpaths.vrpath
1526944775893	Marionette	INFO	Listening on port 49960
1526944776708	Marionette	WARN	TLS certificate errors will be ignored for this session
1526944815467	addons.productaddons	WARN	Failed downloading XML, status: 0, reason: timeout
JavaScript warning: https://www.pgatour.com/etc/designs/pgatour-site/clientlibs/theme-pgatour-js-embedded.min.js, line 1: Using //@ to indicate sourceMappingURL pragmas is deprecated. Use //# instead
[Parent 9008, Gecko_IOThread] WARNING: pipe error: 109: file z:/build/build/src/ipc/chromium/src/chrome/common/ipc_channel_win.cc, line 346
[Child 8500, Chrome_ChildThread] WARNING: pipe error: 109: file z:/build/build/src/ipc/chromium/src/chrome/common/ipc_channel_win.cc, line 346
[Child 85[Parent 9008, Gecko_IOThread] WARNING: pipe error: 109: file z:/build/build/src/ipc/chromium/src/chrome/common/ipc_channel_win.cc, line 346
[C[Parent 9008, Gecko_IOThread] WARNING: pipe error: 109: file z:/build/build/src/ipc/chromium/src/chrome/common/ipc_channel_win.cc, line 346

###!!! [Child][MessageChannel::SendAndWait] Error: Channel error: cannot send/recv

vrpaths.vrpath
Unable to read VR Path Registry from C:\Users\Mitch\AppData\Local\openvr\openvrpaths.vrpath
1526944981090	Marionette	INFO	Listening on port 50263
1526944982074	Marionette	WARN	TLS certificate errors will be ignored for this session
JavaScript warning: https://www.pgatour.com/etc/designs/pgatour-site/clientlibs/theme-pgatour-js-embedded.min.js, line 1: Using //@ to indicate sourceMappingURL pragmas is deprecated. Use //# instead
1526945020640	addons.productaddons	WARN	Failed downloading XML, status: 0, reason: timeout
JavaScript error: https://s0.2mdn.net/6398432/1519924999672/e6_More_300x250.js, line 17: TypeError: cjs.Sprite is not a constructor
JavaScript error: https://s0.2mdn.net/6398432/1519924999672/index.html, line 25: TypeError: AdobeAn.getComposition is not a function
[Parent 7644, Gecko_IOThread] WARNING: pipe error: 109: file z:/build/build/src/ipc/chromium/src/chrome/common/ipc_channel_win.cc, line 346
[Child 8648, Chrome_ChildThread] WARNING: pipe error: 109: file z:/build/build/src/ipc/chromium/src/chrome/common/ipc_channel_win.cc, line 346
[Child 8648,
###!!! [Child][MessageChannel::SendAndWait] Error: Channel error: cannot send/recv

envrpaths.vrpath
Unable to read VR Path Registry from C:\Users\Mitch\AppData\Local\openvr\openvrpaths.vrpath
Unable to read VR Path Registry from C:\Users\Mitch\AppData\Local\openvr\openvrpaths.vrpath
Unable to read VR Path Registry from C:\Users\Mitch\AppData\Local\openvr\openvrpaths.vrpath
Unable to read VR Path Registry from C:\Users\Mitch\AppData\Local\openvr\openvrpaths.vrpath
1526945229422	Marionette	INFO	Listening on port 50767
1526945229601	Marionette	WARN	TLS certificate errors will be ignored for this session
JavaScript warning: https://www.pgatour.com/etc/designs/pgatour-site/clientlibs/theme-pgatour-js-embedded.min.js, line 1: Using //@ to indicate sourceMappingURL pragmas is deprecated. Use //# instead
[Parent 1324, Gecko_IOThread] WARNING: pipe error: 109: file z:/build/build/src/ipc/chromium/src/chrome/common/ipc_channel_win.cc, line 346
[Child 1364, Chrome_ChildThread] WARNING: pipe error: 109: file z:/build/build/src/ipc/chromium/src/chrome/common/ipc_channel_win.cc, line 346
[Child 1364, Chrome_ChildThread] WARNING: pipe error: 109: file z:/build/build/src/ipc/chromium/src/chrome/common/ipc_channel_win.cc, line 346
[Parent 1324, Gecko_IOThread] WARNING: pipe error: 109: file z:/build/build/src/ipc/chromium/src/chrome/common/ipc_channel_win.cc, line 346
[Child 8340, Chrome_ChildThread] WARNING: pipe error: 109: file z:/build/build/src/ipc/chromium/src/chrome/common/ipc_channel_win.cc, line 346
[Child 8340, C
###!!! [Child][MessageChannel::SendAndWait] Error: Channel error: cannot send/recv

n port 51225
1526945383466	Marionette	WARN	TLS certificate errors will be ignored for this session
JavaScript warning: https://www.pgatour.com/etc/designs/pgatour-site/clientlibs/theme-pgatour-js-embedded.min.js, line 1: Using //@ to indicate sourceMappingURL pragmas is deprecated. Use //# instead
[Child 9428, Chrome_ChildThread] WARNING: pipe error: 109: file z:/build/build/src/ipc/chromium/src/chrome/common/ipc_channel_win.cc, line 346
[Child 9428, Chrome_ChildThread] WARNING: pipe [Parent 9152, Gecko_IOThread] WARNING: pipe error: 109: file z:/build/build/src/ipc/chromium/src/chrome/common/ipc_channel_win.cc, line 346
[Parent 9152, Gecko_IOThread] WARNING: pipe error: 109: file z:/build/build/src/ipc/chromium/src/chrome/common/ipc_channel_win.cc, line 346
[Child 480, Chrome_ChildThread] WARNING: pipe error: 109: file z:/build/build/src/ipc/chromium/src/chrome/common/ipc_channel_win.cc, line 346
[Child 480, Chrome_ChildThread] WARNIN
###!!! [Child][MessageChannel::SendAndWait] Error: Channel error: cannot send/recv

1526946741653	geckodriver	INFO	geckodriver 0.20.1
1526946741669	geckodriver	INFO	Listening on 127.0.0.1:51711
1526946744716	mozrunner::runner	INFO	Running command: "C:\\Program Files\\Mozilla Firefox\\firefox.exe" "-marionette" "-profile" "C:\\Users\\Mitch\\AppData\\Local\\Temp\\rust_mozprofile.mHEk7HFaCVoj"
Unable to read VR Path Registry from C:\Users\Mitch\AppData\Local\openvr\openvrpaths.vrpath
Unable to read VR Path Registry from C:\Users\Mitch\AppData\Local\openvr\openvrpaths.vrpath
Unable to read VR Path Registry from C:\Users\Mitch\AppData\Local\openvr\openvrpaths.vrpath
Unable to read VR Path Registry from C:\Users\Mitch\AppData\Local\openvr\openvrpaths.vrpath
Unable to read VR Path Registry from C:\Users\Mitch\AppData\Local\openvr\openvrpaths.vrpath
1526946749314	Marionette	INFO	Listening on port 51719
1526946750072	Marionette	WARN	TLS certificate errors will be ignored for this session
JavaScript warning: https://www.pgatour.com/etc/designs/pgatour-site/clientlibs/theme-pgatour-js-embedded.min.js, line 1: Using //@ to indicate sourceMappingURL pragmas is deprecated. Use //# instead
[Parent 4772, Gecko_IOThread] WARNING: pipe error: 109: file z:/build/build/src/ipc/chromium/src/chrome/common/ipc_channel_win.cc, line 346
IPDL protocol error: Handler returned error code!

###!!! [Parent][DispatchAsyncMessage] Error: PLayerTransaction::Msg_ReleaseLayer Processing error: message was deserialized, but the handler returned false (indicating failure)

[Parent 4772, Gecko_IOThread] WARNING: pipe error: 109: file z:/build/build/src/ipc/chromium/src/chrome/common/ipc_channel_win.cc, line 346
[Child 8972, Chrome_ChildThread] WARNING: pipe error: 109: file z:/build/build/src/ipc/chromium/src/chrome/common/ipc_channel_win.cc, line 346
[Child 8972, Ch
###!!! [Child][MessageChannel::SendAndWait] Error: Channel error: cannot send/recv

1527029268810	geckodriver	INFO	geckodriver 0.20.1
1527029268841	geckodriver	INFO	Listening on 127.0.0.1:55011
1527029272045	mozrunner::runner	INFO	Running command: "C:\\Program Files\\Mozilla Firefox\\firefox.exe" "-marionette" "-profile" "C:\\Users\\Mitch\\AppData\\Local\\Temp\\rust_mozprofile.gj49AZgc8jSn"
Unable to read VR Path Registry from C:\Users\Mitch\AppData\Local\openvr\openvrpaths.vrpath
Unable to read VR Path Registry from C:\Users\Mitch\AppData\Local\openvr\openvrpaths.vrpath
Unable to read VR Path Registry from C:\Users\Mitch\AppData\Local\openvr\openvrpaths.vrpath
Unable to read VR Path Registry from C:\Users\Mitch\AppData\Local\openvr\openvrpaths.vrpath
1527029285444	Marionette	INFO	Listening on port 55019
1527029286255	Marionette	WARN	TLS certificate errors will be ignored for this session
Unable to read VR Path Registry from C:\Users\Mitch\AppData\Local\openvr\openvrpaths.vrpath
JavaScript warning: https://www.pgatour.com/etc/designs/pgatour-site/clientlibs/theme-pgatour-js-embedded.min.js, line 1: Using //@ to indicate sourceMappingURL pragmas is deprecated. Use //# instead
JavaScript error: , line 0: uncaught exception: out of memory
JavaScript error: , line 0: uncaught exception: out of memory
out of memory: 0x0000000000001000 bytes requested[GFX1-]: Receive IPC close with reason=AbnormalShutdown
ofile" "C:\\Users\\Mitch\\AppData\\Local\\Temp\\rust_mozprofile.lIAmz8HB56lp"
Unable to read VR Path Registry from C:\Users\Mitch\AppData\Local\openvr\openvrpaths.vrpath
Unable to read VR Path Registry from C:\Users\Mitch\AppData\Local\openvr\openvrpaths.vrpath
Unable to read VR Path Registry from C:\Users\Mitch\AppData\Local\openvr\openvrpaths.vrpath
1527029557076	Marionette	INFO	Listening on port 55331
[Parent 4484, Gecko_IOThread] WARNING: pipe error: 109: file z:/build/build/src/ipc/chromium/src/chrome/common/ipc_channel_win.cc, line 346
[Child 300, Chrome_ChildThread] WARNING: pipe error: 109: file z:/build/build/src/ipc/chromium/src/chrome/common/ipc_channel_win.cc, line 346
[Child 300, Chrome_ChildThread] WARNING: pipe error: 109: file z:/build/build/src/ipc/chromium/src/chrome/common/ipc_channel_win.cc, line 346
1527029558077	Marionette	WARN	TLS certificate errors will be ignored for this session
Unable to read VR Path Registry from C:\Users\Mitch\AppData\Local\openvr\openvrpaths.vrpath
Unable to read VR Path Registry from C:\Users\Mitch\AppData\Local\openvr\openvrpaths.vrpath
Unable to read VR Path Registry from C:\Users\Mitch\AppData\Local\openvr\openvrpaths.vrpath
JavaScript warning: https://www.pgatour.com/etc/designs/pgatour-site/clientlibs/theme-pgatour-js-embedded.min.js, line 1: Using //@ to indicate sourceMappingURL pragmas is deprecated. Use //# instead
[GFX1-]: [D3D11] 2 CreateTexture2D failure Size: Size(1349,2560)texture11: false Code: 0x8007000e
[GFX1-]: Failed buffer for 0, 0, 1349, 2560
[GFX1-]: [D3D11] 2 CreateTexture2D failure Size: Size(1349,2560)texture11: false Code: 0x8007000e
[GFX1-]: Failed buffer for 0, 0, 1349, 2560
[GFX1]: [D2D1.1] 4CreateBitmap failure Size(600,400) Code: 0x8007000e format 0
out of memory: 0x0000000000032A3D bytes requested

###!!! [Parent][MessageChannel] Error: (msgtype=0x15008C,name=PBrowser::Msg_UpdateNativeWindowHandle) Channel error: cannot send/recv


###!!! [Parent][MessageChannel] Error: (msgtype=0x15007F,name=PBrowser::Msg_Destroy) Channel error: cannot send/recv

A content process crashed and MOZ_CRASHREPORTER_SHUTDOWN is set, shutting down
[Parent 4484, Gecko_IOThread] WARNING: pipe error: 109: file z:/build/build/src/ipc/chromium/src/chrome/common/ipc_channel_win.cc, line 346
[Parent 4484, Gecko_IOThread] WARNING: file z:/build/build/src/ipc/chromium/src/base/process_util_win.cc, line 188
[Child 4840, Chrome_ChildThread] WARNING: pipe error: 109: file z:/build/build/src/ipc/chromium/src/chrome/common/ipc_channel_win.cc, line 346
[Child 4840, Chrome_ChildThr*** UTM:SVC TimerManager:registerTimer called after profile-before-change notification. Ignoring timer registration for id: telemetry_modules_ping

###!!! [Child][MessageChannel::SendAndWait] Error: Channel error: cannot send/recv

1527029618941	geckodriver	INFO	geckodriver 0.20.1
1527029618988	geckodriver	INFO	Listening on 127.0.0.1:55428
1527029622269	mozrunner::runner	INFO	Running command: "C:\\Program Files\\Mozilla Firefox\\firefox.exe" "-marionette" "-profile" "C:\\Users\\Mitch\\AppData\\Local\\Temp\\rust_mozprofile.iit7WWYgQG2w"
Unable to read VR Path Registry from C:\Users\Mitch\AppData\Local\openvr\openvrpaths.vrpath
Unable to read VR Path Registry from C:\Users\Mitch\AppData\Local\openvr\openvrpaths.vrpath
Unable to read VR Path Registry from C:\Users\Mitch\AppData\Local\openvr\openvrpaths.vrpath
Unable to read VR Path Registry from C:\Users\Mitch\AppData\Local\openvr\openvrpaths.vrpath
Unable to read VR Path Registry from C:\Users\Mitch\AppData\Local\openvr\openvrpaths.vrpath
1527029628960	Marionette	INFO	Listening on port 55436
1527029629827	Marionette	WARN	TLS certificate errors will be ignored for this session
JavaScript warning: https://www.pgatour.com/etc/designs/pgatour-site/clientlibs/theme-pgatour-js-embedded.min.js, line 1: Using //@ to indicate sourceMappingURL pragmas is deprecated. Use //# instead
[GFX1-]: [D3D11] 2 CreateTexture2D failure Size: Size(970,250)texture11: false Code: 0x8007000e
[GFX1-]: [D3D11] 2 CreateTexture2D failure Size: Size(970,250)texture11: false Code: 0x8007000e
JavaScript error: , line 0: uncaught exception: out of memory
JavaScript error: , line 0: uncaught exception: out of memory

###!!! [Parent][MessageChannel] Error: (msgtype=0x15008C,name=PBrowser::Msg_UpdateNativeWindowHandle) Channel error: cannot send/recv


###!!! [Parent][MessageChannel] Error: (msgtype=0x15007F,name=PBrowser::Msg_Destroy) Channel error: cannot send/recv

A content process crashed and MOZ_CRASHREPORTER_SHUTDOWN is set, shutting down
[Child 8264, Chrome_ChildThread] WARNING: pipe error: 109: file z:/build/build/src/ipc/chromium/src/chrome/common/ipc_channel_win.cc, line 346
[Child [Parent 9356, Gecko_IOThread] WARNING: file z:/build/build/src/ipc/chromium/src/base/process_util_win.cc, line 188
[Parent 9356, Gecko_IOThread] WARNING: pipe error: 109: file z:/build/build/src/ipc/chromium/src/chrome/common/ipc_channel_win.cc, line 346
[Child 992, Chrome_ChildThread] WARNING: pipe error: 109: file z:/build/build/src/ipc/chromium/src/chrome/common/ipc_channel_win.cc, line 346
[Child 992, *** UTM:SVC TimerManager:registerTimer called after profile-before-change notification. Ignoring timer registration for id: telemetry_modules_ping

###!!! [Child][MessageChannel::SendAndWait] Error: Channel error: cannot send/recv

1527029659376	geckodriver	INFO	geckodriver 0.20.1
1527029659376	geckodriver	INFO	Listening on 127.0.0.1:55640
1527029662454	mozrunner::runner	INFO	Running command: "C:\\Program Files\\Mozilla Firefox\\firefox.exe" "-marionette" "-profile" "C:\\Users\\Mitch\\AppData\\Local\\Temp\\rust_mozprofile.btGz24kYOoge"
Unable to read VR Path Registry from C:\Users\Mitch\AppData\Local\openvr\openvrpaths.vrpath
Unable to read VR Path Registry from C:\Users\Mitch\AppData\Local\openvr\openvrpaths.vrpath
Unable to read VR Path Registry from C:\Users\Mitch\AppData\Local\openvr\openvrpaths.vrpath
Unable to read VR Path Registry from C:\Users\Mitch\AppData\Local\openvr\openvrpaths.vrpath
Unable to read VR Path Registry from C:\Users\Mitch\AppData\Local\openvr\openvrpaths.vrpath
1527029669376	Marionette	INFO	Listening on port 55648
1527029670544	Marionette	WARN	TLS certificate errors will be ignored for this session
JavaScript warning: https://www.pgatour.com/etc/designs/pgatour-site/clientlibs/theme-pgatour-js-embedded.min.js, line 1: Using //@ to indicate sourceMappingURL pragmas is deprecated. Use //# instead
1527030311488	geckodriver	INFO	geckodriver 0.20.1
1527030311488	geckodriver	INFO	Listening on 127.0.0.1:55938
1527030314567	mozrunner::runner	INFO	Running command: "C:\\Program Files\\Mozilla Firefox\\firefox.exe" "-marionette" "-profile" "C:\\Users\\Mitch\\AppData\\Local\\Temp\\rust_mozprofile.ghZWDSC1DABE"
Unable to read VR Path Registry from C:\Users\Mitch\AppData\Local\openvr\openvrpaths.vrpath
Unable to read VR Path Registry from C:\Users\Mitch\AppData\Local\openvr\openvrpaths.vrpath
Unable to read VR Path Registry from C:\Users\Mitch\AppData\Local\openvr\openvrpaths.vrpath
Unable to read VR Path Registry from C:\Users\Mitch\AppData\Local\openvr\openvrpaths.vrpath
Unable to read VR Path Registry from C:\Users\Mitch\AppData\Local\openvr\openvrpaths.vrpath
1527030319281	Marionette	INFO	Listening on port 55946
1527030320027	Marionette	WARN	TLS certificate errors will be ignored for this session
JavaScript warning: https://www.pgatour.com/etc/designs/pgatour-site/clientlibs/theme-pgatour-js-embedded.min.js, line 1: Using //@ to indicate sourceMappingURL pragmas is deprecated. Use //# instead
JavaScript error: https://s0.2mdn.net/ads/richmedia/studio/pv2/60254077/20180516151629709/full_bleed.js, line 1: ReferenceError: TimelineMax is not defined
1527030926206	geckodriver	INFO	geckodriver 0.20.1
1527030926222	geckodriver	INFO	Listening on 127.0.0.1:49674
1527030929316	mozrunner::runner	INFO	Running command: "C:\\Program Files\\Mozilla Firefox\\firefox.exe" "-marionette" "-profile" "C:\\Users\\Mitch\\AppData\\Local\\Temp\\rust_mozprofile.0vAoGXJ3NlIR"
Unable to read VR Path Registry from C:\Users\Mitch\AppData\Local\openvr\openvrpaths.vrpath
Unable to read VR Path Registry from C:\Users\Mitch\AppData\Local\openvr\openvrpaths.vrpath
Unable to read VR Path Registry from C:\Users\Mitch\AppData\Local\openvr\openvrpaths.vrpath
Unable to read VR Path Registry from C:\Users\Mitch\AppData\Local\openvr\openvrpaths.vrpath
Unable to read VR Path Registry from C:\Users\Mitch\AppData\Local\openvr\openvrpaths.vrpath
1527030940362	Marionette	INFO	Listening on port 49682
1527030941187	Marionette	WARN	TLS certificate errors will be ignored for this session
1527031054930	addons.productaddons	WARN	Failed downloading XML, status: 0, reason: error
1527031054937	addons.productaddons	WARN	Failed downloading via XHR, status: 0, reason: error
1527031054940	addons.productaddons	WARN	Failed downloading via XHR, status: 0, reason: error
[Parent 2036, Gecko_IOThread] WARNING: pipe error: 109: file z:/build/build/src/ipc/chromium/src/chrome/common/ipc_channel_win.cc, line 346
[Child 7116, Chrome_ChildThread] WARNING: pipe error: 109: file z:/build/build/src/ipc/chromium/src/chrome/common/ipc_channel_win.cc, line 346
[Child 7116,[Parent 2036, Gecko_IOThread] WARNING: pipe error: 109: file z:/build/build/src/ipc/chromium/src/chrome/common/ipc_channel_win.cc, line 346
[Child 6512, Chrome_ChildThread] WARNING: pipe error: 109: file z:/build/build/src/ipc/chromium/src/chrome/common/ipc_channel_win.cc, line 346
[Child 6512, Chrome
###!!! [Child][MessageChannel::SendAndWait] Error: Channel error: cannot send/recv

to read VR Path Registry from C:\Users\Mitch\AppData\Local\openvr\openvrpaths.vrpath
1527031164812	Marionette	INFO	Listening on port 49744
1527031165289	Marionette	WARN	TLS certificate errors will be ignored for this session
JavaScript warning: https://www.pgatour.com/etc/designs/pgatour-site/clientlibs/theme-pgatour-js-embedded.min.js, line 1: Using //@ to indicate sourceMappingURL pragmas is deprecated. Use //# instead
[Child 9300, Chrome_ChildThread] WARNING: pipe error: 109: file z:/build/build/src/ipc/chromium/src/chrome/common/ipc_channel_win.cc, line 346
[Child [Child [Parent 8628, Gecko_IOThread] WARNING: pipe error: 109: file z:/build/build/src/ipc/chromium/src/chrome/common/ipc_channel_win.cc, line 346
[Child 9172, Chrome_ChildThread] WARNING: pipe error: 109: file z:/build/build/src/ipc/chromium/src/chrome/common/ipc_channel_win.cc, line 346
[Child 9172*** UTM:SVC TimerManager:registerTimer called after profile-before-change notification. Ignoring timer registration for id: telemetry_modules_ping

###!!! [Child][MessageChannel::SendAndWait] Error: Channel error: cannot send/recv

1527032901160	geckodriver	INFO	geckodriver 0.20.1
1527032901175	geckodriver	INFO	Listening on 127.0.0.1:50067
1527032904285	mozrunner::runner	INFO	Running command: "C:\\Program Files\\Mozilla Firefox\\firefox.exe" "-marionette" "-profile" "C:\\Users\\Mitch\\AppData\\Local\\Temp\\rust_mozprofile.pzh1Jfpa8icv"
Unable to read VR Path Registry from C:\Users\Mitch\AppData\Local\openvr\openvrpaths.vrpath
Unable to read VR Path Registry from C:\Users\Mitch\AppData\Local\openvr\openvrpaths.vrpath
Unable to read VR Path Registry from C:\Users\Mitch\AppData\Local\openvr\openvrpaths.vrpath
Unable to read VR Path Registry from C:\Users\Mitch\AppData\Local\openvr\openvrpaths.vrpath
Unable to read VR Path Registry from C:\Users\Mitch\AppData\Local\openvr\openvrpaths.vrpath
1527032921514	Marionette	INFO	Listening on port 50075
1527032923296	Marionette	WARN	TLS certificate errors will be ignored for this session
JavaScript warning: https://www.pgatour.com/etc/designs/pgatour-site/clientlibs/theme-pgatour-js-embedded.min.js, line 1: Using //@ to indicate sourceMappingURL pragmas is deprecated. Use //# instead
[Parent 9740, Gecko_IOThread] WARNING: pipe error: 109: file z:/build/build/src/ipc/chromium/src/chrome/common/ipc_channel_win.cc, line 346
[Parent 9740, Gecko_IOThread] WARNING: pipe error: 109: file z:/build/build/src/ipc/chromium/src/chrome/common/ipc_channel_win.cc, line 346
[Child 9680, Chrome_ChildThread] WARNING: pipe error: 109: file z:/build/build/src/ipc/chromium/src/chrome/common/ipc_channel_win.cc, line 346
[Child 968[GPU 9888, Chrome_ChildThread] WARNING: pipe error: 109: file z:/build/build/src/ipc/chromium/src/chrome/common/ipc_channel_win.cc, line 346

###!!! [Child][MessageChannel::SendAndWait] Error: Channel error: cannot send/recv

vrpaths.vrpath
Unable to read VR Path Registry from C:\Users\Mitch\AppData\Local\openvr\openvrpaths.vrpath
1527033256206	Marionette	INFO	Listening on port 50425
1527033256919	Marionette	WARN	TLS certificate errors will be ignored for this session
JavaScript warning: https://www.pgatour.com/etc/designs/pgatour-site/clientlibs/theme-pgatour-js-embedded.min.js, line 1: Using //@ to indicate sourceMappingURL pragmas is deprecated. Use //# instead
[Child 1956, Chrome_ChildThread] WARNING: pipe error: 109: file z:/build/build/src/ipc/chromium/src/chrome/common/ipc_channel_win.cc, line 346
[Child 1[Parent 6076, Gecko_IOThread] WARNING: pipe error: 109: file z:/build/build/src/ipc/chromium/src/chrome/common/ipc_channel_win.cc, line 346
[Child 10060, Chrome_ChildThread] WARNING: pipe error: 109: file z:/build/build/src/ipc/chromium/src/chrome/common/ipc_channel_win.cc, line 346
[Child 100
###!!! [Child][MessageChannel::SendAndWait] Error: Channel error: cannot send/recv

1527034521778	geckodriver	INFO	geckodriver 0.20.1
1527034521793	geckodriver	INFO	Listening on 127.0.0.1:50739
1527034524872	mozrunner::runner	INFO	Running command: "C:\\Program Files\\Mozilla Firefox\\firefox.exe" "-marionette" "-profile" "C:\\Users\\Mitch\\AppData\\Local\\Temp\\rust_mozprofile.211qekv8l6GA"
Unable to read VR Path Registry from C:\Users\Mitch\AppData\Local\openvr\openvrpaths.vrpath
Unable to read VR Path Registry from C:\Users\Mitch\AppData\Local\openvr\openvrpaths.vrpath
Unable to read VR Path Registry from C:\Users\Mitch\AppData\Local\openvr\openvrpaths.vrpath
Unable to read VR Path Registry from C:\Users\Mitch\AppData\Local\openvr\openvrpaths.vrpath
Unable to read VR Path Registry from C:\Users\Mitch\AppData\Local\openvr\openvrpaths.vrpath
1527034529201	Marionette	INFO	Listening on port 50747
1527034530177	Marionette	WARN	TLS certificate errors will be ignored for this session
JavaScript warning: https://www.pgatour.com/etc/designs/pgatour-site/clientlibs/theme-pgatour-js-embedded.min.js, line 1: Using //@ to indicate sourceMappingURL pragmas is deprecated. Use //# instead
[Child 2312, Chrome_ChildThread] WARNING: pipe error: 109: file z:/build/build/src/ipc/chromium/src/chrome/common/ipc_channel_win.cc, line 346
[Child[Parent 3876, Gecko_IOThread] WARNING: pipe error: 109: file z:/build/build/src/ipc/chromium/src/chrome/common/ipc_channel_win.cc, line 346
[Child 9688, Chrome_ChildThread] WARNING: pipe error: 109: file z:/build/build/src/ipc/chromium/src/chrome/common/ipc_channel_win.cc, line 346
[Child 9688
###!!! [Child][MessageChannel::SendAndWait] Error: Channel error: cannot send/recv

:\Users\Mitch\AppData\Local\openvr\openvrpaths.vrpath
Unable to read VR Path Registry from C:\Users\Mitch\AppData\Local\openvr\openvrpaths.vrpath
Unable to read VR Path Registry from C:\Users\Mitch\AppData\Local\openvr\openvrpaths.vrpath
1527035192372	Marionette	INFO	Listening on port 51104
1527035193187	Marionette	WARN	TLS certificate errors will be ignored for this session
JavaScript warning: https://www.pgatour.com/etc/designs/pgatour-site/clientlibs/theme-pgatour-js-embedded.min.js, line 1: Using //@ to indicate sourceMappingURL pragmas is deprecated. Use //# instead
[Child 9464, Chrome_ChildThread] WARNING: pipe error: 109: file z:/build/build/src/ipc/chromium/src/chrome/common/ipc_channel_win.cc, line 346
[Child 9464, Chrome_ChildThr[Child 9888, Chrome_ChildThread] WARNING: pipe error: 109: file z:/build/build/src/ipc/chromium/src/chrome/common/ipc_channel_win.cc, line 346

###!!! [Child][RunMessage] Error: Channel closing: too late to send/recv, messages will be lost

[Parent 1412, Gecko_IOThread] WARNING: pipe error: 109: file z:/build/build/src/ipc/chromium/src/chrome/common/ipc_channel_win.cc, line 346
[Child 7220, Chrome_ChildThread] WARNING: pipe error: 109: file z:/build/build/src/ipc/chromium/src/chrome/common/ipc_channel_win.cc, line 346
[Child 7220
###!!! [Child][MessageChannel::SendAndWait] Error: Channel error: cannot send/recv

1527035541654	geckodriver	INFO	geckodriver 0.20.1
1527035541670	geckodriver	INFO	Listening on 127.0.0.1:51406
1527035544748	mozrunner::runner	INFO	Running command: "C:\\Program Files\\Mozilla Firefox\\firefox.exe" "-marionette" "-profile" "C:\\Users\\Mitch\\AppData\\Local\\Temp\\rust_mozprofile.7E12LVzRDIfb"
Unable to read VR Path Registry from C:\Users\Mitch\AppData\Local\openvr\openvrpaths.vrpath
Unable to read VR Path Registry from C:\Users\Mitch\AppData\Local\openvr\openvrpaths.vrpath
Unable to read VR Path Registry from C:\Users\Mitch\AppData\Local\openvr\openvrpaths.vrpath
Unable to read VR Path Registry from C:\Users\Mitch\AppData\Local\openvr\openvrpaths.vrpath
Unable to read VR Path Registry from C:\Users\Mitch\AppData\Local\openvr\openvrpaths.vrpath
1527035549692	Marionette	INFO	Listening on port 51414
1527035550300	Marionette	WARN	TLS certificate errors will be ignored for this session
JavaScript warning: https://www.pgatour.com/etc/designs/pgatour-site/clientlibs/theme-pgatour-js-embedded.min.js, line 1: Using //@ to indicate sourceMappingURL pragmas is deprecated. Use //# instead
JavaScript error: https://s0.2mdn.net/ads/richmedia/studio/pv2/60254077/20180516151629709/full_bleed.js, line 1: ReferenceError: TimelineMax is not defined
[Child 10044, Chrome_ChildThread] WARNING: pipe error: 109: file z:/build/build/src/ipc/chromium/src/chrome/common/ipc_channel_win.cc, line 346
[Child 10044, Chrome_ChildThread] WARNING: pipe error: 109: file z:/build/build/src/ipc/chromium/src/chrome/common/ipc_channel_win.cc, line 346
[Parent 5776, Gecko_IOThread] WARNING: pipe error: 109: file z:/build/build/src/ipc/chromium/src/chrome/common/ipc_channel_win.cc, line 346
[Child 1736, Chrome_ChildThread] WARNING: pipe error: 109: file z:/build/build/src/ipc/chromium/src/chrome/common/ipc_channel_win.cc, line 346
[Child 17
###!!! [Child][MessageChannel::SendAndWait] Error: Channel error: cannot send/recv

s.vrpath
Unable to read VR Path Registry from C:\Users\Mitch\AppData\Local\openvr\openvrpaths.vrpath
1527035665906	Marionette	INFO	Listening on port 51702
1527035666307	Marionette	WARN	TLS certificate errors will be ignored for this session
JavaScript warning: https://www.pgatour.com/etc/designs/pgatour-site/clientlibs/theme-pgatour-js-embedded.min.js, line 1: Using //@ to indicate sourceMappingURL pragmas is deprecated. Use //# instead
[Parent 1440, Gecko_IOThread] WARNING: pipe error: 109: file z:/build/build/src/ipc/chromium/src/chrome/common/ipc_channel_win.cc, line 346
[Child 9456, Chrome_ChildThread] WARNING: pipe error: 109: file z:/build/build/src/ipc/chromium/src/chrome/common/ipc_channel_win.cc, line 346
[Child 94[Parent 1440, Gecko_IOThread] WARNING: pipe error: 109: file z:/build/build/src/ipc/chromium/src/chrome/common/ipc_channel_win.cc, line 346
[Child 8168, Chrome_ChildThread] WARNING: pipe error: 109: file z:/build/build/src/ipc/chromium/src/chrome/common/ipc_channel_win.cc, line 346
[Child 8168
###!!! [Child][MessageChannel::SendAndWait] Error: Channel error: cannot send/recv

1527042159458	geckodriver	INFO	geckodriver 0.20.1
1527042159474	geckodriver	INFO	Listening on 127.0.0.1:49803
1527042162615	mozrunner::runner	INFO	Running command: "C:\\Program Files\\Mozilla Firefox\\firefox.exe" "-marionette" "-profile" "C:\\Users\\Mitch\\AppData\\Local\\Temp\\rust_mozprofile.k4AtMFjfajd3"
Unable to read VR Path Registry from C:\Users\Mitch\AppData\Local\openvr\openvrpaths.vrpath
Unable to read VR Path Registry from C:\Users\Mitch\AppData\Local\openvr\openvrpaths.vrpath
Unable to read VR Path Registry from C:\Users\Mitch\AppData\Local\openvr\openvrpaths.vrpath
Unable to read VR Path Registry from C:\Users\Mitch\AppData\Local\openvr\openvrpaths.vrpath
Unable to read VR Path Registry from C:\Users\Mitch\AppData\Local\openvr\openvrpaths.vrpath
1527042168599	Marionette	INFO	Listening on port 49811
1527042169601	Marionette	WARN	TLS certificate errors will be ignored for this session
JavaScript warning: https://www.pgatour.com/etc/designs/pgatour-site/clientlibs/theme-pgatour-js-embedded.min.js, line 1: Using //@ to indicate sourceMappingURL pragmas is deprecated. Use //# instead
[Parent 1352, Gecko_IOThread] WARNING: pipe error: 109: file z:/build/build/src/ipc/chromium/src/chrome/common/ipc_channel_win.cc, line 346
[Parent 1352, Gecko_IOThread] WARNING: pipe error: 109: file z:/build/build/src/ipc/chromium/src/chrome/common/ipc_channel_win.cc, line 346
[Child 3140, Chrome_ChildThread][Child 5988, Chrome_ChildThread] WARNING: pipe error: 109: file z:/build/build/src/ipc/chromium/src/chrome/common/ipc_channel_win.cc, line 346
[Child 598
###!!! [Child][MessageChannel::SendAndWait] Error: Channel error: cannot send/recv

Local\openvr\openvrpaths.vrpath
Unable to read VR Path Registry from C:\Users\Mitch\AppData\Local\openvr\openvrpaths.vrpath
Unable to read VR Path Registry from C:\Users\Mitch\AppData\Local\openvr\openvrpaths.vrpath
1527042288083	Marionette	INFO	Listening on port 50132
1527042288947	Marionette	WARN	TLS certificate errors will be ignored for this session
JavaScript warning: https://www.pgatour.com/etc/designs/pgatour-site/clientlibs/theme-pgatour-js-embedded.min.js, line 1: Using //@ to indicate sourceMappingURL pragmas is deprecated. Use //# instead
[Parent 9140, Gecko_IOThread] WARNING: pipe error: 109: file z:/build/build/src/ipc/chromium/src/chrome/common/ipc_channel_win.cc, line 346
[Parent 9140, Gecko_IOThread] WARNING: pipe error: 109: file z:/build/build/src/ipc/chromium/src/chrome/common/ipc_channel_win.cc, line 346
[Child 8564, Chrome_ChildThread] WARNING: pipe error: 109: file z:/build/build/src/ipc/chromium/src/chrome/common/ipc_channel_win.cc, line 346
[Child 8564, [Parent 9140, Gecko_IOThread] WARNING: pipe error: 109: file z:/build/build/src/ipc/chromium/src/chrome/common/ipc_channel_win.cc, line 346

###!!! [Child][MessageChannel::SendAndWait] Error: Channel error: cannot send/recv

cal\openvr\openvrpaths.vrpath
Unable to read VR Path Registry from C:\Users\Mitch\AppData\Local\openvr\openvrpaths.vrpath
Unable to read VR Path Registry from C:\Users\Mitch\AppData\Local\openvr\openvrpaths.vrpath
1527042487567	Marionette	INFO	Listening on port 50398
1527042488506	Marionette	WARN	TLS certificate errors will be ignored for this session
JavaScript warning: https://www.pgatour.com/etc/designs/pgatour-site/clientlibs/theme-pgatour-js-embedded.min.js, line 1: Using //@ to indicate sourceMappingURL pragmas is deprecated. Use //# instead
JavaScript error: https://s0.2mdn.net/4114413/1523998929799/DISPLAY_HRM_GENERAL_MY18_ACCORD_EVERGREEN_PRODUCT_STYLING_NONDCO_SHOP_HTML_DESKTOP_300x250_EvenBetter_Touring.js, line 668: TypeError: this.info_btn is undefined

###!!! [Child][MessageChannel::SendAndWait] Error: Channel error: cannot send/recv

ng on 127.0.0.1:50684
1527042629527	mozrunner::runner	INFO	Running command: "C:\\Program Files\\Mozilla Firefox\\firefox.exe" "-marionette" "-profile" "C:\\Users\\Mitch\\AppData\\Local\\Temp\\rust_mozprofile.jmTAko4AUXDp"
Unable to read VR Path Registry from C:\Users\Mitch\AppData\Local\openvr\openvrpaths.vrpath
Unable to read VR Path Registry from C:\Users\Mitch\AppData\Local\openvr\openvrpaths.vrpath
Unable to read VR Path Registry from C:\Users\Mitch\AppData\Local\openvr\openvrpaths.vrpath
Unable to read VR Path Registry from C:\Users\Mitch\AppData\Local\openvr\openvrpaths.vrpath
Unable to read VR Path Registry from C:\Users\Mitch\AppData\Local\openvr\openvrpaths.vrpath
1527042634615	Marionette	INFO	Listening on port 50692
1527042635321	Marionette	WARN	TLS certificate errors will be ignored for this session
JavaScript warning: https://www.pgatour.com/etc/designs/pgatour-site/clientlibs/theme-pgatour-js-embedded.min.js, line 1: Using //@ to indicate sourceMappingURL pragmas is deprecated. Use //# instead
[Parent 8892, Gecko_IOThread] WARNING: pipe error: 109: file z:/build/build/src/ipc/chromium/src/chrome/common/ipc_channel_win.cc, line 346
[Child 7304, Chrome_ChildThread] WARNING: pipe error: 109: file z:/build/build/src/ipc/chromium/src/chrome/common/ipc_channel_win.cc, line 346
[Child 7[Parent 8892, Gecko_IOThread] WARNING: pipe error: 109: file z:/build/build/src/ipc/chromium/src/chrome/commonUnable to read VR Path Registry from C:\Users\Mitch\AppData\Local\openvr\openvrpaths.vrpath
Unable to read VR Path Registry from C:\Users\Mitch\AppData\Local\openvr\openvrpaths.vrpath
Unable to read VR Path Registry from C:\Users\Mitch\AppData\Local\openvr\openvrpaths.vrpath
Unable to read VR Path Registry from C:\Users\Mitch\AppData\Local\openvr\openvrpaths.vrpath
1527042837100	Marionette	INFO	Listening on port 50930
1527042838168	Marionette	WARN	TLS certificate errors will be ignored for this session
JavaScript warning: https://www.pgatour.com/etc/designs/pgatour-site/clientlibs/theme-pgatour-js-embedded.min.js, line 1: Using //@ to indicate sourceMappingURL pragmas is deprecated. Use //# instead
[Parent 1776, Gecko_IOThread] WARNING: pipe error: 109: file z:/build/build/src/ipc/chromium/src/chrome/common/ipc_channel_win.cc, line 346
[Parent 1776, Gecko_IOThread] WARNING: pipe error: 109: file z:/build/build/src/ipc/chromium/src/chrome/common/ipc_channel_win.cc, line 346
[Child 2744, Chrome_ChildThread] WARNING: pipe error: 109: file z:/build/build/src/ipc/chromium/src/ch[Parent 1776, Gecko_IOThread] WARNING: pipe error: 109: file z:/build/build/src/ipc/chromium/src/chrome/common/ipc_channel_win.cc, line 346

###!!! [Child][MessageChannel::SendAndWait] Error: Channel error: cannot send/recv

egistry from C:\Users\Mitch\AppData\Local\openvr\openvrpaths.vrpath
Unable to read VR Path Registry from C:\Users\Mitch\AppData\Local\openvr\openvrpaths.vrpath
1527044280195	Marionette	INFO	Listening on port 51366
1527044280743	Marionette	WARN	TLS certificate errors will be ignored for this session
JavaScript warning: https://www.pgatour.com/etc/designs/pgatour-site/clientlibs/theme-pgatour-js-embedded.min.js, line 1: Using //@ to indicate sourceMappingURL pragmas is deprecated. Use //# instead
JavaScript error: https://s0.2mdn.net/4114413/1523998929799/DISPLAY_HRM_GENERAL_MY18_ACCORD_EVERGREEN_PRODUCT_STYLING_NONDCO_SHOP_HTML_DESKTOP_300x250_EvenBetter_Touring.js, line 668: TypeError: this.info_btn is undefined
Unable to read VR Path Registry from C:\Users\Mitch\AppData\Local\openvr\openvrpaths.vrpath
[Child 7796, MediaPlayback #3] WARNING: Decoder=2223d5e27a0 Decode error: NS_ERROR_DOM_MEDIA_FATAL_ERR (0x806e0005) - class RefPtr<class mozilla::MozPromise<class RefPtr<class mozilla::MediaTrackDemuxer::SamplesHolder>,class mozilla::MediaResult,1> > __cdecl mozilla::MediaSourceTrackDemuxer::DoGetSamples(int): manager is detached.: file z:/build/build/src/dom/media/MediaDecoderStateMachine.cpp, line 3445
[Child 7796, MediaPlayback #3] WARNING: Decoder=2223d5e27a0 Decode error: NS_ERROR_DOM_MEDIA_FATAL_ERR (0x806e0005) - class RefPtr<class mozilla::MozPromise<class RefPtr<class mozilla::MediaTrackDemuxer::SamplesHolder>,class mozilla::MediaResult,1> > __cdecl mozilla::MediaSourceTrackDemuxer::DoGetSamples(int): manager is detached.: file z:/build/build/src/dom/media/MediaDecoderStateMachine.cpp, line 3445
[Child 7796, MediaPlayback #1] WARNING: Decoder=2223d5e36a0 Decode error: NS_ERROR_DOM_MEDIA_FATAL_ERR (0x806e0005) - class RefPtr<class mozilla::MozPromise<class RefPtr<class mozilla::MediaTrackDemuxer::SamplesHolder>,class mozilla::MediaResult,1> > __cdecl mozilla::MediaSourceTrackDemuxer::DoGetSamples(int): manager is detached.: file z:/build/build/src/dom/media/MediaDecoderStateMachine.cpp, line 3445
[Child 7796, MediaPlayback #3] WARNING: Decoder=2223d5e36a0 Decode error: NS_ERROR_DOM_MEDIA_FATAL_ERR (0x806e0005) - class RefPtr<class mozilla::MozPromise<class RefPtr<class mozilla::MediaTrackDemuxer::SamplesHolder>,class mozilla::MediaResult,1> > __cdecl mozilla::MediaSourceTrackDemuxer::DoGetSamples(int): manager is detached.: file z:/build/build/src/dom/media/MediaDecoderStateMachine.cpp, line 3445
[Child 7796, MediaPlayback #3] WARNING: Decoder=2223d5e36a0 Decode error: NS_ERROR_DOM_MEDIA_FATAL_ERR (0x806e0005) - class RefPtr<class mozilla::MozPromise<class RefPtr<class mozilla::MediaTrackDemuxer::SamplesHolder>,class mozilla::MediaResult,1> > __cdecl mozilla::MediaSourceTrackDemuxer::DoGetSamples(int): manager is detached.: file z:/build/build/src/dom/media/MediaDecoderStateMachine.cpp, line 3445
[Child 7796, MediaPlayback #3] WARNING: Decoder=2223d5e36a0 Decode error: NS_ERROR_DOM_MEDIA_FATAL_ERR (0x806e0005) - class RefPtr<class mozilla::MozPromise<class RefPtr<class mozilla::MediaTrackDemuxer::SamplesHolder>,class mozilla::MediaResult,1> > __cdecl mozilla::MediaSourceTrackDemuxer::DoGetSamples(int): manager is detached.: file z:/build/build/src/dom/media/MediaDecoderStateMachine.cpp, line 3445
[Child 7796, MediaPlayback #2] WARNING: Decoder=2223d5e36a0 Decode error: NS_ERROR_DOM_MEDIA_FATAL_ERR (0x806e0005) - class RefPtr<class mozilla::MozPromise<class RefPtr<class mozilla::MediaTrackDemuxer::SamplesHolder>,class mozilla::MediaResult,1> > __cdecl mozilla::MediaSourceTrackDemuxer::DoGetSamples(int): manager is detached.: file z:/build/build/src/dom/media/MediaDecoderStateMachine.cpp, line 3445
[Child 7796, MediaPlayback #1] WARNING: Decoder=2223d5e36a0 Decode error: NS_ERROR_DOM_MEDIA_FATAL_ERR (0x806e0005) - class RefPtr<class mozilla::MozPromise<class RefPtr<class mozilla::MediaTrackDemuxer::SamplesHolder>,class mozilla::MediaResult,1> > __cdecl mozilla::MediaSourceTrackDemuxer::DoGetSamples(int): manager is detached.: file z:/build/build/src/dom/media/MediaDecoderStateMachine.cpp, line 3445
[Child 7796, MediaPlayback #1] WARNING: Decoder=2223d5e36a0 Decode error: NS_ERROR_DOM_MEDIA_FATAL_ERR (0x806e0005) - class RefPtr<class mozilla::MozPromise<class RefPtr<class mozilla::MediaTrackDemuxer::SamplesHolder>,class mozilla::MediaResult,1> > __cdecl mozilla::MediaSourceTrackDemuxer::DoGetSamples(int): manager is detached.: file z:/build/build/src/dom/media/MediaDecoderStateMachine.cpp, line 3445
[Child 7796, MediaPlayback #2] WARNING: Decoder=2223d5e36a0 Decode error: NS_ERROR_DOM_MEDIA_FATAL_ERR (0x806e0005) - class RefPtr<class mozilla::MozPromise<class RefPtr<class mozilla::MediaTrackDemuxer::SamplesHolder>,class mozilla::MediaResult,1> > __cdecl mozilla::MediaSourceTrackDemuxer::DoGetSamples(int): manager is detached.: file z:/build/build/src/dom/media/MediaDecoderStateMachine.cpp, line 3445
[Child 7796, MediaPlayback #3] WARNING: Decoder=2223d5e36a0 Decode error: NS_ERROR_DOM_MEDIA_FATAL_ERR (0x806e0005) - class RefPtr<class mozilla::MozPromise<class RefPtr<class mozilla::MediaTrackDemuxer::SamplesHolder>,class mozilla::MediaResult,1> > __cdecl mozilla::MediaSourceTrackDemuxer::DoGetSamples(int): manager is detached.: file z:/build/build/src/dom/media/MediaDecoderStateMachine.cpp, line 3445
[Child 7796, MediaPlayback #1] WARNING: Decoder=2223d5e36a0 Decode error: NS_ERROR_DOM_MEDIA_FATAL_ERR (0x806e0005) - class RefPtr<class mozilla::MozPromise<class RefPtr<class mozilla::MediaTrackDemuxer::SamplesHolder>,class mozilla::MediaResult,1> > __cdecl mozilla::MediaSourceTrackDemuxer::DoGetSamples(int): manager is detached.: file z:/build/build/src/dom/media/MediaDecoderStateMachine.cpp, line 3445
[Child 7796, MediaPlayback #1] WARNING: Decoder=2223d5e36a0 Decode error: NS_ERROR_DOM_MEDIA_FATAL_ERR (0x806e0005) - class RefPtr<class mozilla::MozPromise<class RefPtr<class mozilla::MediaTrackDemuxer::SamplesHolder>,class mozilla::MediaResult,1> > __cdecl mozilla::MediaSourceTrackDemuxer::DoGetSamples(int): manager is detached.: file z:/build/build/src/dom/media/MediaDecoderStateMachine.cpp, line 3445
[Child 7796, MediaPlayback #3] WARNING: Decoder=22244daec40 Decode error: NS_ERROR_DOM_MEDIA_FATAL_ERR (0x806e0005) - class RefPtr<class mozilla::MozPromise<class RefPtr<class mozilla::MediaTrackDemuxer::SamplesHolder>,class mozilla::MediaResult,1> > __cdecl mozilla::MediaSourceTrackDemuxer::DoGetSamples(int): manager is detached.: file z:/build/build/src/dom/media/MediaDecoderStateMachine.cpp, line 3445

###!!! [Parent][DispatchAsyncMessage] Error: PClientSourceOp::Msg___delete__ Route error: message sent to unknown actor ID

[Parent 9120, Gecko_IOThread] WARNING: pipe error: 109: file z:/build/build/src/ipc/chromium/src/chrome/common/ipc_channel_win.cc, line 346

###!!! [Parent][DispatchAsyncMessage] Error: PClientSourceOp::Msg___delete__ Route error: message sent to unknown actor ID

[Child 7796, MediaPlayback #2] WARNING: Decoder=2223d5e3100 Decode error: NS_ERROR_DOM_MEDIA_FATAL_ERR (0x806e0005) - class RefPtr<class mozilla::MozPromise<class RefPtr<class mozilla::MediaTrackDemuxer::SamplesHolder>,class mozilla::MediaResult,1> > __cdecl mozilla::MediaSourceTrackDemuxer::DoGetSamples(int): manager is detached.: file z:/build/build/src/dom/media/MediaDecoderStateMachine.cpp, line 3445
[Child 7796, MediaPlayback #3] WARNING: Decoder=2223d5e3100 Decode error: NS_ERROR_DOM_MEDIA_FATA[Parent 4892, Gecko_IOThread] WARNING: pipe error: 109: file z:/build/build/src/ipc/chromium/src/chrome/common/ipc_channel_win.cc, line 346
[Child 6708, Chrome_ChildThread] WARNING: pipe error: 109: file z:/build/build/src/ipc/chromium/src/chrome/common/ipc_channel_win.cc, line 346
[Parent 4892, Gecko_IOThread] WARNING: pipe error: 109: file z:/build/build/src/ipc/chromium/src/chrome/common/ipc_channel_win.cc, line 346
[Child 1768, Ch[Parent 4892, Gecko_IOThread] WARNING: pipe error: 109: file z:/build/build/src/ipc/chromium/src/chrome/common/ipc_channel_win.cc, line 346
[Child 6532, Chrome_ChildThread] WARNING: pipe error: 109: file z:/build/build/src/ipc/chromium/src/chrome/common/ipc_channel_win.cc, line 346
[Child 653
###!!! [Child][MessageChannel::SendAndWait] Error: Channel error: cannot send/recv

channel_win.cc, line 346
[Parent 9120, Gecko_IOThread] WARNING: pipe error: 109: file z:/build/build/src/ipc/chromium/src/chrome/common/ipc_channel_win.cc, line 346
[Child 7796, Chrome_ChildThread] WARNING: pipe error: 109: file z:/build/build/src/ipc/chromium/src/chrome/common/ipc_channel_win.cc, line 346

###!!! [Child][MessageChannel] Error: (msgtype=0x48000E,name=PHttpChannel::Msg_DeletingChannel) Channel closing: too late to send/recv, messages will be lost

[Child 7796, ChroJavaScript warning: https://www.tutorialspoint.com/theme/js/script-min-v4.js?v=2, line 1: Using //@ to indicate sourceMappingURL pragmas is deprecated. Use //# instead
[Parent 9120, Gecko_IOThread] WARNING: pipe error: 109: file z:/build/build/src/ipc/chromium/src/chrome/common/ipc_channel_win.cc, line 346
[Child 9280, Chrome_ChildThread] WARNING: pipe error: 109: file z:/build/build/src/ipc/chromium/src/chrome/common/ipc_channel_win.cc, line 346
[Child [Parent 9120, Gecko_IOThread] WARNING: pipe error: 109: file z:/build/build/src/ipc/chromium/src/chrome/common/ipc_channel_win.cc, line 346
[Parent 9120, Gecko_IOThread] WARNING: pipe error: 109: file z:/build/build/src/ipc/chromium/src/chrome/common/ipc_channel_win.cc, line 346

###!!! [Child][MessageChannel::SendAndWait] Error: Channel error: cannot send/recv

527045829266	Marionette	WARN	TLS certificate errors will be ignored for this session
JavaScript warning: https://www.pgatour.com/etc/designs/pgatour-site/clientlibs/theme-pgatour-js-embedded.min.js, line 1: Using //@ to indicate sourceMappingURL pragmas is deprecated. Use //# instead
[Parent 7336, Gecko_IOThread] WARNING: pipe error: 109: file z:/build/build/src/ipc/chromium/src/chrome/common/ipc_channel_win.cc, line 346

###!!! [Child][RunMessage] Error: Channel closing: too late to send/recv, messages will be lost


###!!! [Child][RunMessage] Error: Channel closing: too late to send/recv, messages will be lost


###!!! [Child][RunMessage] Error: Channel closing: too late to send/recv, messages will be lost


###!!! [Child][RunMessage] Error: Channel closing: too late to send/recv, messages will be lost


###!!! [Child][RunMessage] Error: Channel closing: too late to send/recv, messages will be lost


###!!! [Child][RunMessage] Error: Channel closing: too late to send/recv, messages will be lost

[Child 2856, Chrome_ChildThread] WARNING: pipe error: 109: file z:/build/build/src/ipc/chromium/src/chrome/common/ipc_channel_win.cc, line 346
[Child 2856, Ch[Parent 7336, Gecko_IOThread] WARNING: pipe error: 109: file z:/build/build/src/ipc/chromium/src/chrome/common/ipc_channel_win.cc, line 346
[Child 848, Chrome_ChildThread] WARNING: pipe error: 109: file z:/buildout of memory: 0x0000000000000080 bytes requested

###!!! [Parent][MessageChannel] Error: (msgtype=0x15008C,name=PBrowser::Msg_UpdateNativeWindowHandle) Channel error: cannot send/recv


###!!! [Parent][MessageChannel] Error: (msgtype=0x15007F,name=PBrowser::Msg_Destroy) Channel error: cannot send/recv

A content process crashed and MOZ_CRASHREPORTER_SHUTDOWN is set, shutting down
[Parent 2816, Gecko_IOThread] WARNING: file z:/build/build/src/ipc/chromium/src/base/process_util_win.cc, line 188
[Child 4776, Chrome_ChildThread] WARNING: pipe error: 109: file z:/build/build/src/ipc/chromium/src/chrome/common/ipc_channel_win.cc, line 346
[Parent 2816, Gecko_IOThread] WARNING: pipe error: 109: file z:/build/build/src/ipc/chromium/src/chrome/common/ipc_channel_win.cc, line 346
[Child 3288, Chrome_ChildThread] WARNING: pipe error: 109: file z:/build/build/src/ipc/chromium/src/chrome/common/ipc_channel_win.cc, line 346
[Child 3288, Chrome_ChildT
###!!! [Child][MessageChannel::SendAndWait] Error: Channel error: cannot send/recv

rs will be ignored for this session
JavaScript warning: https://www.pgatour.com/etc/designs/pgatour-site/clientlibs/theme-pgatour-js-embedded.min.js, line 1: Using //@ to indicate sourceMappingURL pragmas is deprecated. Use //# instead
[Child 5168, Chrome_ChildThread] WARNING: pipe error: 109: file z:/build/build/src/ipc/chromium/src/chrome/common/ipc_channel_win.cc, line 346
[Child 5168[Parent 10092, Gecko_IOThread] WARNING: pipe error: 109: file z:/build/build/src/ipc/chromium/src/chrome/common/ipc_channel_win.cc, line 346

###!!! [Child][MessageChannel::SendAndWait] Error: Channel error: cannot send/recv

envrpaths.vrpath
Unable to read VR Path Registry from C:\Users\Mitch\AppData\Local\openvr\openvrpaths.vrpath
Unable to read VR Path Registry from C:\Users\Mitch\AppData\Local\openvr\openvrpaths.vrpath
[Parent 10212, Gecko_IOThread] WARNING: pipe error: 109: file z:/build/build/src/ipc/chromium/src/chrome/common/ipc_channel_win.cc, line 346
[Child 9712, Chrome_ChildThread] WARNING: pipe error: 109: file z:/build/build/src/ipc/chromium/src/chrome/common/ipc_channel_win.cc, line 346
[Child 9712, Chrome_1527046476193	Marionette	INFO	Listening on port 53795

###!!! [Parent][MessageChannel] Error: (msgtype=0x7C0001,name=PTexture::Msg___delete__) Channel error: cannot send/recv


###!!! [Parent][RunMessage] Error: Channel error: cannot send/recv

1527046476991	Marionette	WARN	TLS certificate errors will be ignored for this session
Unable to read VR Path Registry from C:\Users\Mitch\AppData\Local\openvr\openvrpaths.vrpath
Unable to read VR Path Registry from C:\Users\Mitch\AppData\Local\openvr\openvrpaths.vrpath
JavaScript warning: https://www.pgatour.com/etc/designs/pgatour-site/clientlibs/theme-pgatour-js-embedded.min.js, line 1: Using //@ to indicate sourceMappingURL pragmas is deprecated. Use //# instead
Unable to read VR Path Registry from C:\Users\Mitch\AppData\Local\openvr\openvrpaths.vrpath
JavaScript error: , line 0: uncaught exception: out of memory
[Child 4356, Chrome_ChildThread] WARNING: pipe error: 109: file z:/build/build/src/ipc/chromium/src/chrome/common/ipc_channel_win.cc, line 346
[Child [Parent 10212, Gecko_IOThread] WARNING: pipe error: 109: file z:/build/build/src/ipc/chromium/src/chrome/common/ipc_channel_win.cc, line 346
[Child 10208, Chrome_ChildThread] WARNING: pipe error: 109: file z:/build/build/src/ipc/chromium/src/chrome/common/ipc_channel_win.cc, line 346
[Child 10208, Chrome_ChildThread] WARNING: pipe error: 109: file z:/build/build/src/ipc/chromium/src/chrome/common/ipc_channel_win.cc, line 346
[Parent 10212, Gecko_IOThread] WARNING: pipe error: 109: file z:/build/build/src/ipc/chromium/src/chrome/common/ipc_channel_win.cc, line 346
[Child 9272, Chrome_ChildThread] WARNING: pipe error: 109: file z:/build/build/src/ipc/chromium/src/chrome/common/ipc_channel_win.cc, line 346

###!!! [Child][MessageChannel::SendAndWait] Error: Channel error: cannot send/recv

ed.min.js, line 1: Using //@ to indicate sourceMappingURL pragmas is deprecated. Use //# instead
JavaScript error: , line 0: uncaught exception: out of memory
JavaScript error: , line 0: uncaught exception: out of memory
out of memory: 0x0000000000010000 bytes requested

###!!! [Parent][MessageChannel] Error: (msgtype=0x15008C,name=PBrowser::Msg_UpdateNativeWindowHandle) Channel error: cannot send/recv


###!!! [Parent][MessageChannel] Error: (msgtype=0x15007F,name=PBrowser::Msg_Destroy) Channel error: cannot send/recv

A content process crashed and MOZ_CRASHREPORTER_SHUTDOWN is set, shutting down
[Parent 8244, Gecko_IOThread] WARNING: pipe error: 109: file z:/build/build/src/ipc/chromium/src/chrome/common/ipc_channel_win.cc, line 346
[Parent 8244, Gecko_IOThread] WARNING: file z:/build/build/src/ipc/chromium/src/base/process_util_win.cc, line 188
[Child 6352, Chrome_ChildThread] WARNING: pipe error: 109: file z:/build/build/src/ipc/chromium/src/chrome/common/ipc_channel_win.cc, line 346
[Child 6[Parent 8244, Gecko_IOThread] WARNING: pipe error: 109: file z:/build/build/src/ipc/chromium/src/chrome/common/ipc_channel_win.cc, line 346
[Child 5724, Chrome_ChildThread] WARNING: pipe error: 109: file z:/build/build/src/ipc/chromium/src/chrome/common/ipc_channel_win.cc, line 346
[Child 572
###!!! [Child][MessageChannel::SendAndWait] Error: Channel error: cannot send/recv

1527046621765	geckodriver	INFO	geckodriver 0.20.1
1527046621765	geckodriver	INFO	Listening on 127.0.0.1:54260
1527046624812	mozrunner::runner	INFO	Running command: "C:\\Program Files\\Mozilla Firefox\\firefox.exe" "-marionette" "-profile" "C:\\Users\\Mitch\\AppData\\Local\\Temp\\rust_mozprofile.4AOZA3gqO3s5"
Unable to read VR Path Registry from C:\Users\Mitch\AppData\Local\openvr\openvrpaths.vrpath
Unable to read VR Path Registry from C:\Users\Mitch\AppData\Local\openvr\openvrpaths.vrpath
Unable to read VR Path Registry from C:\Users\Mitch\AppData\Local\openvr\openvrpaths.vrpath
Unable to read VR Path Registry from C:\Users\Mitch\AppData\Local\openvr\openvrpaths.vrpath
Unable to read VR Path Registry from C:\Users\Mitch\AppData\Local\openvr\openvrpaths.vrpath
1527046630960	Marionette	INFO	Listening on port 54268
1527046631917	Marionette	WARN	TLS certificate errors will be ignored for this session
JavaScript warning: https://www.pgatour.com/etc/designs/pgatour-site/clientlibs/theme-pgatour-js-embedded.min.js, line 1: Using //@ to indicate sourceMappingURL pragmas is deprecated. Use //# instead
[Parent 2220, Gecko_IOThread] WARNING: pipe error: 109: file z:/build/build/src/ipc/chromium/src/chrome/common/ipc_channel_win.cc, line 346
[Child 4332, Chrome_ChildThread] WARNING: pipe error: 109: file z:/build/build/src/ipc/chromium/src/chrome/common/ipc_channel_win.cc, line 346
[Child 4332, Chrome_ChildThread] WARNING: pipe error: 109: file z:/build/build/src/ipc/chromium/src/chrome/common/ipc_channel_win.cc, line 346
[Parent 2220, Gecko_IOThread] WARNING: pipe error: 109: file z:/build/build/src/ipc/chromium/src/chrome/common/ipc_channel_win.cc, line 346
[GPU 5028, Chrome_
###!!! [Child][MessageChannel::SendAndWait] Error: Channel error: cannot send/recv

